This file contains any messages produced by compilers while
running configure, to aid debugging if configure makes a mistake.

It was created by univalue configure 1.0.4, which was
generated by GNU Autoconf 2.69.  Invocation command line was

  $ ./configure --disable-option-checking --prefix=/ --disable-shared --with-pic --with-bignum=no --enable-module-recovery --cache-file=/dev/null --srcdir=.

## --------- ##
## Platform. ##
## --------- ##

hostname = DESKTOP-8P2PPIG
uname -m = x86_64
uname -r = 5.15.167.4-microsoft-standard-WSL2
uname -s = Linux
uname -v = #1 SMP Tue Nov 5 00:21:55 UTC 2024

/usr/bin/uname -p = x86_64
/bin/uname -X     = unknown

/bin/arch              = x86_64
/usr/bin/arch -k       = unknown
/usr/convex/getsysinfo = unknown
/usr/bin/hostinfo      = unknown
/bin/machine           = unknown
/usr/bin/oslevel       = unknown
/bin/universe          = unknown

PATH: /home/blackluv/lebrowski/depends/x86_64-w64-mingw32/share/../native/bin
PATH: /usr/local/sbin
PATH: /usr/local/bin
PATH: /usr/sbin
PATH: /usr/bin
PATH: /sbin
PATH: /bin
PATH: /usr/games
PATH: /usr/local/games
PATH: /usr/lib/wsl/lib


## ----------- ##
## Core tests. ##
## ----------- ##

configure:2175: loading site script /home/blackluv/lebrowski/depends/x86_64-w64-mingw32/share/config.site
| depends_prefix="`dirname ${ac_site_file}`/.."
| 
| cross_compiling=maybe
| host_alias=x86_64-w64-mingw32
| ac_tool_prefix=${host_alias}-
| 
| if test -z $with_boost; then
|   with_boost=$depends_prefix
| fi
| if test -z $with_qt_plugindir; then
|   with_qt_plugindir=$depends_prefix/plugins
| fi
| if test -z $with_qt_translationdir; then
|   with_qt_translationdir=$depends_prefix/translations
| fi
| if test -z $with_qt_bindir; then
|   with_qt_bindir=$depends_prefix/native/bin
| fi
| if test -z $with_protoc_bindir; then
|   with_protoc_bindir=$depends_prefix/native/bin
| fi
| 
| 
| if test -z $enable_wallet && test -n ""; then
|   enable_wallet=no
| fi
| 
| if test -z $with_miniupnpc && test -n ""; then
|   with_miniupnpc=no
| fi
| 
| if test -z $with_gui && test -n ""; then
|   with_gui=no
| fi
| 
| if test xmingw32 = xdarwin; then
|   BREW=no
|   PORT=no
| fi
| 
| if test xmingw32 = xmingw32; then
|   if test -z $with_qt_incdir; then
|     with_qt_incdir=$depends_prefix/include
|   fi
|   if test -z $with_qt_libdir; then
|     with_qt_libdir=$depends_prefix/lib
|   fi
| fi
| 
| PATH=$depends_prefix/native/bin:$PATH
| PKG_CONFIG="`which pkg-config` --static"
| 
| # These two need to remain exported because pkg-config does not see them
| # otherwise. That means they must be unexported at the end of configure.ac to
| # avoid ruining the cache. Sigh.
| 
| export PKG_CONFIG_LIBDIR=$depends_prefix/lib/pkgconfig
| export PKG_CONFIG_PATH=$depends_prefix/share/pkgconfig
| 
| CPPFLAGS="-I$depends_prefix/include/ $CPPFLAGS"
| LDFLAGS="-L$depends_prefix/lib $LDFLAGS"
| 
| CC="x86_64-w64-mingw32-gcc"
| CXX="x86_64-w64-mingw32-g++"
| OBJC="${CC}"
| CCACHE=$depends_prefix/native/bin/ccache
| PYTHONPATH=$depends_prefix/native/lib/python/dist-packages:$PYTHONPATH
| 
| if test -n "x86_64-w64-mingw32-ar"; then
|   AR=x86_64-w64-mingw32-ar
|   ac_cv_path_ac_pt_AR=${AR}
| fi
| 
| if test -n "x86_64-w64-mingw32-ranlib"; then
|   RANLIB=x86_64-w64-mingw32-ranlib
|   ac_cv_path_ac_pt_RANLIB=${RANLIB}
| fi
| 
| if test -n "x86_64-w64-mingw32-nm"; then
|   NM=x86_64-w64-mingw32-nm
|   ac_cv_path_ac_pt_NM=${NM}
| fi
| 
| if test -n ""; then
|   enable_reduce_exports=no
| fi
| 
| if test -n "-pipe -O2"; then
|   CFLAGS="-pipe -O2 $CFLAGS"
| fi
| if test -n "-pipe -O2"; then
|   CXXFLAGS="-pipe -O2 $CXXFLAGS"
| fi
| if test -n ""; then
|   CPPFLAGS=" $CPPFLAGS"
| fi
| if test -n ""; then
|   LDFLAGS=" $LDFLAGS"
| fi
configure:2283: checking whether make supports nested variables
configure:2300: result: yes
configure:2362: checking for a BSD-compatible install
configure:2430: result: /usr/bin/install -c
configure:2441: checking whether build environment is sane
configure:2496: result: yes
configure:2553: checking for x86_64-w64-mingw32-strip
configure:2569: found /usr/bin/x86_64-w64-mingw32-strip
configure:2580: result: x86_64-w64-mingw32-strip
configure:2645: checking for a thread-safe mkdir -p
configure:2684: result: /usr/bin/mkdir -p
configure:2691: checking for gawk
configure:2707: found /usr/bin/gawk
configure:2718: result: gawk
configure:2729: checking whether make sets $(MAKE)
configure:2751: result: yes
configure:2929: checking build system type
configure:2943: result: x86_64-pc-linux-gnu
configure:2963: checking host system type
configure:2976: result: x86_64-w64-mingw32
configure:3017: checking how to print strings
configure:3044: result: printf
configure:3069: checking whether make supports the include directive
configure:3084: make -f confmf.GNU && cat confinc.out
this is the am__doit target
configure:3087: $? = 0
configure:3106: result: yes (GNU style)
configure:3136: checking for x86_64-w64-mingw32-gcc
configure:3163: result: x86_64-w64-mingw32-gcc
configure:3432: checking for C compiler version
configure:3441: x86_64-w64-mingw32-gcc --version >&5
x86_64-w64-mingw32-gcc (GCC) 9.3-win32 20200320
Copyright (C) 2019 Free Software Foundation, Inc.
This is free software; see the source for copying conditions.  There is NO
warranty; not even for MERCHANTABILITY or FITNESS FOR A PARTICULAR PURPOSE.

configure:3452: $? = 0
configure:3441: x86_64-w64-mingw32-gcc -v >&5
Using built-in specs.
COLLECT_GCC=x86_64-w64-mingw32-gcc
COLLECT_LTO_WRAPPER=/usr/lib/gcc/x86_64-w64-mingw32/9.3-win32/lto-wrapper
Target: x86_64-w64-mingw32
Configured with: ../../src/configure --build=x86_64-linux-gnu --prefix=/usr --includedir='/usr/include' --mandir='/usr/share/man' --infodir='/usr/share/info' --sysconfdir=/etc --localstatedir=/var --disable-silent-rules --libdir='/usr/lib/x86_64-linux-gnu' --libexecdir='/usr/lib/x86_64-linux-gnu' --disable-maintainer-mode --disable-dependency-tracking --prefix=/usr --enable-shared --enable-static --disable-multilib --with-system-zlib --libexecdir=/usr/lib --without-included-gettext --libdir=/usr/lib --enable-libstdcxx-time=yes --with-tune=generic --with-headers=/usr/x86_64-w64-mingw32/include --enable-version-specific-runtime-libs --enable-fully-dynamic-string --enable-libgomp --enable-languages=c,c++,fortran,objc,obj-c++,ada --enable-lto --enable-threads=win32 --program-suffix=-win32 --program-prefix=x86_64-w64-mingw32- --target=x86_64-w64-mingw32 --with-as=/usr/bin/x86_64-w64-mingw32-as --with-ld=/usr/bin/x86_64-w64-mingw32-ld --enable-libatomic --enable-libstdcxx-filesystem-ts=yes --enable-dependency-tracking
Thread model: win32
gcc version 9.3-win32 20200320 (GCC) 
configure:3452: $? = 0
configure:3441: x86_64-w64-mingw32-gcc -V >&5
x86_64-w64-mingw32-gcc: error: unrecognized command line option '-V'
x86_64-w64-mingw32-gcc: fatal error: no input files
compilation terminated.
configure:3452: $? = 1
configure:3441: x86_64-w64-mingw32-gcc -qversion >&5
x86_64-w64-mingw32-gcc: error: unrecognized command line option '-qversion'; did you mean '--version'?
x86_64-w64-mingw32-gcc: fatal error: no input files
compilation terminated.
configure:3452: $? = 1
configure:3472: checking whether the C compiler works
configure:3494: x86_64-w64-mingw32-gcc -pipe -O2  -I/home/blackluv/lebrowski/depends/x86_64-w64-mingw32/share/../include/  -L/home/blackluv/lebrowski/depends/x86_64-w64-mingw32/share/../lib  conftest.c  >&5
configure:3498: $? = 0
configure:3546: result: yes
configure:3549: checking for C compiler default output file name
configure:3551: result: a.exe
configure:3557: checking for suffix of executables
configure:3564: x86_64-w64-mingw32-gcc -o conftest.exe -pipe -O2  -I/home/blackluv/lebrowski/depends/x86_64-w64-mingw32/share/../include/  -L/home/blackluv/lebrowski/depends/x86_64-w64-mingw32/share/../lib  conftest.c  >&5
configure:3568: $? = 0
configure:3590: result: .exe
configure:3612: checking whether we are cross compiling
configure:3620: x86_64-w64-mingw32-gcc -o conftest.exe -pipe -O2  -I/home/blackluv/lebrowski/depends/x86_64-w64-mingw32/share/../include/  -L/home/blackluv/lebrowski/depends/x86_64-w64-mingw32/share/../lib  conftest.c  >&5
configure:3624: $? = 0
configure:3631: ./conftest.exe
./configure: line 3633: ./conftest.exe: cannot execute binary file: Exec format error
configure:3635: $? = 126
configure:3623: result: yes
configure:3628: checking for suffix of object files
configure:3650: x86_64-w64-mingw32-gcc -c -pipe -O2  -I/home/blackluv/lebrowski/depends/x86_64-w64-mingw32/share/../include/  conftest.c >&5
configure:3654: $? = 0
configure:3675: result: o
configure:3679: checking whether we are using the GNU C compiler
configure:3698: x86_64-w64-mingw32-gcc -c -pipe -O2  -I/home/blackluv/lebrowski/depends/x86_64-w64-mingw32/share/../include/  conftest.c >&5
configure:3698: $? = 0
configure:3707: result: yes
configure:3716: checking whether x86_64-w64-mingw32-gcc accepts -g
configure:3736: x86_64-w64-mingw32-gcc -c -g -I/home/blackluv/lebrowski/depends/x86_64-w64-mingw32/share/../include/  conftest.c >&5
configure:3736: $? = 0
configure:3777: result: yes
configure:3794: checking for x86_64-w64-mingw32-gcc option to accept ISO C89
configure:3857: x86_64-w64-mingw32-gcc  -c -pipe -O2  -I/home/blackluv/lebrowski/depends/x86_64-w64-mingw32/share/../include/  conftest.c >&5
configure:3857: $? = 0
configure:3870: result: none needed
configure:3895: checking whether x86_64-w64-mingw32-gcc understands -c and -o together
configure:3917: x86_64-w64-mingw32-gcc -c conftest.c -o conftest2.o
configure:3920: $? = 0
configure:3917: x86_64-w64-mingw32-gcc -c conftest.c -o conftest2.o
configure:3920: $? = 0
configure:3932: result: yes
configure:3951: checking dependency style of x86_64-w64-mingw32-gcc
configure:4062: result: gcc3
configure:4077: checking for a sed that does not truncate output
configure:4141: result: /usr/bin/sed
configure:4159: checking for grep that handles long lines and -e
configure:4217: result: /usr/bin/grep
configure:4222: checking for egrep
configure:4284: result: /usr/bin/grep -E
configure:4289: checking for fgrep
configure:4351: result: /usr/bin/grep -F
configure:4386: checking for ld used by x86_64-w64-mingw32-gcc
configure:4453: result: /usr/bin/x86_64-w64-mingw32-ld
configure:4460: checking if the linker (/usr/bin/x86_64-w64-mingw32-ld) is GNU ld
configure:4475: result: yes
configure:4487: checking for BSD- or MS-compatible name lister (nm)
configure:4541: result: x86_64-w64-mingw32-nm
configure:4671: checking the name lister (x86_64-w64-mingw32-nm) interface
configure:4678: x86_64-w64-mingw32-gcc -c -pipe -O2  -I/home/blackluv/lebrowski/depends/x86_64-w64-mingw32/share/../include/  conftest.c >&5
configure:4681: x86_64-w64-mingw32-nm "conftest.o"
configure:4684: output
0000000000000000 b .bss
0000000000000000 d .data
0000000000000000 r .rdata$zzz
0000000000000000 t .text
0000000000000000 B some_variable
configure:4685: result: BSD nm
configure:4688: checking whether ln -s works
configure:4692: result: yes
configure:4700: checking the maximum length of command line arguments
configure:4831: result: 1572864
configure:4879: checking how to convert x86_64-pc-linux-gnu file names to x86_64-w64-mingw32 format
configure:4919: result: func_convert_file_nix_to_w32
configure:4926: checking how to convert x86_64-pc-linux-gnu file names to toolchain format
configure:4946: result: func_convert_file_noop
configure:4953: checking for /usr/bin/x86_64-w64-mingw32-ld option to reload object files
configure:4960: result: -r
configure:4994: checking for x86_64-w64-mingw32-objdump
configure:5010: found /usr/bin/x86_64-w64-mingw32-objdump
configure:5021: result: x86_64-w64-mingw32-objdump
configure:5093: checking how to recognize dependent libraries
configure:5293: result: file_magic ^x86 archive import|^x86 DLL
configure:5338: checking for x86_64-w64-mingw32-dlltool
configure:5354: found /usr/bin/x86_64-w64-mingw32-dlltool
configure:5365: result: x86_64-w64-mingw32-dlltool
configure:5438: checking how to associate runtime and link libraries
configure:5465: result: func_cygming_dll_for_implib
configure:5482: checking for x86_64-w64-mingw32-ar
configure:5509: result: x86_64-w64-mingw32-ar
configure:5590: checking for archiver @FILE support
configure:5607: x86_64-w64-mingw32-gcc -c -pipe -O2  -I/home/blackluv/lebrowski/depends/x86_64-w64-mingw32/share/../include/  conftest.c >&5
configure:5607: $? = 0
configure:5610: x86_64-w64-mingw32-ar cr libconftest.a @conftest.lst >&5
configure:5613: $? = 0
configure:5618: x86_64-w64-mingw32-ar cr libconftest.a @conftest.lst >&5
x86_64-w64-mingw32-ar: conftest.o: No such file or directory
configure:5621: $? = 1
configure:5620: result: @
configure:5638: checking for x86_64-w64-mingw32-strip
configure:5665: result: x86_64-w64-mingw32-strip
configure:5737: checking for x86_64-w64-mingw32-ranlib
configure:5764: result: x86_64-w64-mingw32-ranlib
configure:5906: checking command to parse x86_64-w64-mingw32-nm output from x86_64-w64-mingw32-gcc object
configure:6059: x86_64-w64-mingw32-gcc -c -pipe -O2  -I/home/blackluv/lebrowski/depends/x86_64-w64-mingw32/share/../include/  conftest.c >&5
configure:6062: $? = 0
configure:6066: x86_64-w64-mingw32-nm conftest.o | sed -n -e 's/^.*[	 ]\([ABCDGIRSTW][ABCDGIRSTW]*\)[	 ][	 ]*\([_A-Za-z][_A-Za-z0-9]*\)$/\1 \2 \2/p' | sed '/ __gnu_lto/d' > conftest.nm
configure:6132: x86_64-w64-mingw32-gcc -o conftest.exe -pipe -O2  -I/home/blackluv/lebrowski/depends/x86_64-w64-mingw32/share/../include/  -L/home/blackluv/lebrowski/depends/x86_64-w64-mingw32/share/../lib  conftest.c conftstm.o >&5
configure:6135: $? = 0
configure:6173: result: ok
configure:6220: checking for sysroot
configure:6250: result: no
configure:6257: checking for a working dd
configure:6295: result: /usr/bin/dd
configure:6299: checking how to truncate binary pipes
configure:6314: result: /usr/bin/dd bs=4096 count=1
configure:6603: checking for x86_64-w64-mingw32-mt
configure:6633: result: no
configure:6643: checking for mt
configure:6659: found /usr/bin/mt
configure:6670: result: mt
configure:6682: WARNING: using cross tools not prefixed with host triplet
configure:6693: checking if mt is a manifest tool
configure:6699: mt '-?'
configure:6707: result: no
configure:7384: checking how to run the C preprocessor
configure:7415: x86_64-w64-mingw32-gcc -E -I/home/blackluv/lebrowski/depends/x86_64-w64-mingw32/share/../include/  conftest.c
configure:7415: $? = 0
configure:7429: x86_64-w64-mingw32-gcc -E -I/home/blackluv/lebrowski/depends/x86_64-w64-mingw32/share/../include/  conftest.c
conftest.c:11:10: fatal error: ac_nonexistent.h: No such file or directory
   11 | #include <ac_nonexistent.h>
      |          ^~~~~~~~~~~~~~~~~~
compilation terminated.
configure:7429: $? = 1
configure: failed program was:
| /* confdefs.h */
| #define PACKAGE_NAME "univalue"
| #define PACKAGE_TARNAME "univalue"
| #define PACKAGE_VERSION "1.0.4"
| #define PACKAGE_STRING "univalue 1.0.4"
| #define PACKAGE_BUGREPORT "http://github.com/jgarzik/univalue/"
| #define PACKAGE_URL ""
| #define PACKAGE "univalue"
| #define VERSION "1.0.4"
| /* end confdefs.h.  */
| #include <ac_nonexistent.h>
configure:7454: result: x86_64-w64-mingw32-gcc -E
configure:7474: x86_64-w64-mingw32-gcc -E -I/home/blackluv/lebrowski/depends/x86_64-w64-mingw32/share/../include/  conftest.c
configure:7474: $? = 0
configure:7488: x86_64-w64-mingw32-gcc -E -I/home/blackluv/lebrowski/depends/x86_64-w64-mingw32/share/../include/  conftest.c
conftest.c:11:10: fatal error: ac_nonexistent.h: No such file or directory
   11 | #include <ac_nonexistent.h>
      |          ^~~~~~~~~~~~~~~~~~
compilation terminated.
configure:7488: $? = 1
configure: failed program was:
| /* confdefs.h */
| #define PACKAGE_NAME "univalue"
| #define PACKAGE_TARNAME "univalue"
| #define PACKAGE_VERSION "1.0.4"
| #define PACKAGE_STRING "univalue 1.0.4"
| #define PACKAGE_BUGREPORT "http://github.com/jgarzik/univalue/"
| #define PACKAGE_URL ""
| #define PACKAGE "univalue"
| #define VERSION "1.0.4"
| /* end confdefs.h.  */
| #include <ac_nonexistent.h>
configure:7517: checking for ANSI C header files
configure:7537: x86_64-w64-mingw32-gcc -c -pipe -O2  -I/home/blackluv/lebrowski/depends/x86_64-w64-mingw32/share/../include/  conftest.c >&5
configure:7537: $? = 0
configure:7621: result: yes
configure:7634: checking for sys/types.h
configure:7634: x86_64-w64-mingw32-gcc -c -pipe -O2  -I/home/blackluv/lebrowski/depends/x86_64-w64-mingw32/share/../include/  conftest.c >&5
configure:7634: $? = 0
configure:7634: result: yes
configure:7634: checking for sys/stat.h
configure:7634: x86_64-w64-mingw32-gcc -c -pipe -O2  -I/home/blackluv/lebrowski/depends/x86_64-w64-mingw32/share/../include/  conftest.c >&5
configure:7634: $? = 0
configure:7634: result: yes
configure:7634: checking for stdlib.h
configure:7634: x86_64-w64-mingw32-gcc -c -pipe -O2  -I/home/blackluv/lebrowski/depends/x86_64-w64-mingw32/share/../include/  conftest.c >&5
configure:7634: $? = 0
configure:7634: result: yes
configure:7634: checking for string.h
configure:7634: x86_64-w64-mingw32-gcc -c -pipe -O2  -I/home/blackluv/lebrowski/depends/x86_64-w64-mingw32/share/../include/  conftest.c >&5
configure:7634: $? = 0
configure:7634: result: yes
configure:7634: checking for memory.h
configure:7634: x86_64-w64-mingw32-gcc -c -pipe -O2  -I/home/blackluv/lebrowski/depends/x86_64-w64-mingw32/share/../include/  conftest.c >&5
configure:7634: $? = 0
configure:7634: result: yes
configure:7634: checking for strings.h
configure:7634: x86_64-w64-mingw32-gcc -c -pipe -O2  -I/home/blackluv/lebrowski/depends/x86_64-w64-mingw32/share/../include/  conftest.c >&5
configure:7634: $? = 0
configure:7634: result: yes
configure:7634: checking for inttypes.h
configure:7634: x86_64-w64-mingw32-gcc -c -pipe -O2  -I/home/blackluv/lebrowski/depends/x86_64-w64-mingw32/share/../include/  conftest.c >&5
configure:7634: $? = 0
configure:7634: result: yes
configure:7634: checking for stdint.h
configure:7634: x86_64-w64-mingw32-gcc -c -pipe -O2  -I/home/blackluv/lebrowski/depends/x86_64-w64-mingw32/share/../include/  conftest.c >&5
configure:7634: $? = 0
configure:7634: result: yes
configure:7634: checking for unistd.h
configure:7634: x86_64-w64-mingw32-gcc -c -pipe -O2  -I/home/blackluv/lebrowski/depends/x86_64-w64-mingw32/share/../include/  conftest.c >&5
configure:7634: $? = 0
configure:7634: result: yes
configure:7648: checking for dlfcn.h
configure:7648: x86_64-w64-mingw32-gcc -c -pipe -O2  -I/home/blackluv/lebrowski/depends/x86_64-w64-mingw32/share/../include/  conftest.c >&5
conftest.c:55:10: fatal error: dlfcn.h: No such file or directory
   55 | #include <dlfcn.h>
      |          ^~~~~~~~~
compilation terminated.
configure:7648: $? = 1
configure: failed program was:
| /* confdefs.h */
| #define PACKAGE_NAME "univalue"
| #define PACKAGE_TARNAME "univalue"
| #define PACKAGE_VERSION "1.0.4"
| #define PACKAGE_STRING "univalue 1.0.4"
| #define PACKAGE_BUGREPORT "http://github.com/jgarzik/univalue/"
| #define PACKAGE_URL ""
| #define PACKAGE "univalue"
| #define VERSION "1.0.4"
| #define STDC_HEADERS 1
| #define HAVE_SYS_TYPES_H 1
| #define HAVE_SYS_STAT_H 1
| #define HAVE_STDLIB_H 1
| #define HAVE_STRING_H 1
| #define HAVE_MEMORY_H 1
| #define HAVE_STRINGS_H 1
| #define HAVE_INTTYPES_H 1
| #define HAVE_STDINT_H 1
| #define HAVE_UNISTD_H 1
| /* end confdefs.h.  */
| #include <stdio.h>
| #ifdef HAVE_SYS_TYPES_H
| # include <sys/types.h>
| #endif
| #ifdef HAVE_SYS_STAT_H
| # include <sys/stat.h>
| #endif
| #ifdef STDC_HEADERS
| # include <stdlib.h>
| # include <stddef.h>
| #else
| # ifdef HAVE_STDLIB_H
| #  include <stdlib.h>
| # endif
| #endif
| #ifdef HAVE_STRING_H
| # if !defined STDC_HEADERS && defined HAVE_MEMORY_H
| #  include <memory.h>
| # endif
| # include <string.h>
| #endif
| #ifdef HAVE_STRINGS_H
| # include <strings.h>
| #endif
| #ifdef HAVE_INTTYPES_H
| # include <inttypes.h>
| #endif
| #ifdef HAVE_STDINT_H
| # include <stdint.h>
| #endif
| #ifdef HAVE_UNISTD_H
| # include <unistd.h>
| #endif
| 
| #include <dlfcn.h>
configure:7648: result: no
configure:7904: checking for objdir
configure:7919: result: .libs
configure:8183: checking if x86_64-w64-mingw32-gcc supports -fno-rtti -fno-exceptions
configure:8201: x86_64-w64-mingw32-gcc -c -pipe -O2  -I/home/blackluv/lebrowski/depends/x86_64-w64-mingw32/share/../include/  -fno-rtti -fno-exceptions conftest.c >&5
cc1: warning: command line option '-fno-rtti' is valid for C++/D/ObjC++ but not for C
configure:8205: $? = 0
configure:8218: result: no
configure:8582: checking for x86_64-w64-mingw32-gcc option to produce PIC
configure:8589: result: -DDLL_EXPORT -DPIC
configure:8597: checking if x86_64-w64-mingw32-gcc PIC flag -DDLL_EXPORT -DPIC works
configure:8615: x86_64-w64-mingw32-gcc -c -pipe -O2  -I/home/blackluv/lebrowski/depends/x86_64-w64-mingw32/share/../include/  -DDLL_EXPORT -DPIC -DPIC conftest.c >&5
configure:8619: $? = 0
configure:8632: result: yes
configure:8661: checking if x86_64-w64-mingw32-gcc static flag -static works
configure:8689: result: yes
configure:8704: checking if x86_64-w64-mingw32-gcc supports -c -o file.o
configure:8725: x86_64-w64-mingw32-gcc -c -pipe -O2  -I/home/blackluv/lebrowski/depends/x86_64-w64-mingw32/share/../include/  -o out/conftest2.o conftest.c >&5
configure:8729: $? = 0
configure:8751: result: yes
configure:8759: checking if x86_64-w64-mingw32-gcc supports -c -o file.o
configure:8806: result: yes
configure:8839: checking whether the x86_64-w64-mingw32-gcc linker (/usr/bin/x86_64-w64-mingw32-ld) supports shared libraries
configure:10102: result: yes
configure:10342: checking dynamic linker characteristics
configure:11172: result: Win32 ld.exe
configure:11294: checking how to hardcode library paths into programs
configure:11319: result: immediate
configure:11867: checking whether stripping libraries is possible
configure:11872: result: yes
configure:11907: checking if libtool supports shared libraries
configure:11909: result: yes
configure:11912: checking whether to build shared libraries
configure:11937: result: no
configure:11940: checking whether to build static libraries
configure:11944: result: yes
configure:8869: checking for C++ compiler version
configure:8878: x86_64-w64-mingw32-g++ --version >&5
x86_64-w64-mingw32-g++ (GCC) 9.3-posix 20200320
Copyright (C) 2019 Free Software Foundation, Inc.
This is free software; see the source for copying conditions.  There is NO
warranty; not even for MERCHANTABILITY or FITNESS FOR A PARTICULAR PURPOSE.

configure:8889: $? = 0
configure:8878: x86_64-w64-mingw32-g++ -v >&5
Using built-in specs.
COLLECT_GCC=x86_64-w64-mingw32-g++
COLLECT_LTO_WRAPPER=/usr/lib/gcc/x86_64-w64-mingw32/9.3-posix/lto-wrapper
Target: x86_64-w64-mingw32
Configured with: ../../src/configure --build=x86_64-linux-gnu --prefix=/usr --includedir='/usr/include' --mandir='/usr/share/man' --infodir='/usr/share/info' --sysconfdir=/etc --localstatedir=/var --disable-silent-rules --libdir='/usr/lib/x86_64-linux-gnu' --libexecdir='/usr/lib/x86_64-linux-gnu' --disable-maintainer-mode --disable-dependency-tracking --prefix=/usr --enable-shared --enable-static --disable-multilib --with-system-zlib --libexecdir=/usr/lib --without-included-gettext --libdir=/usr/lib --enable-libstdcxx-time=yes --with-tune=generic --with-headers=/usr/x86_64-w64-mingw32/include --enable-version-specific-runtime-libs --enable-fully-dynamic-string --enable-libgomp --enable-languages=c,c++,fortran,objc,obj-c++,ada --enable-lto --enable-threads=posix --program-suffix=-posix --program-prefix=x86_64-w64-mingw32- --target=x86_64-w64-mingw32 --with-as=/usr/bin/x86_64-w64-mingw32-as --with-ld=/usr/bin/x86_64-w64-mingw32-ld --enable-libatomic --enable-libstdcxx-filesystem-ts=yes --enable-dependency-tracking
Thread model: posix
gcc version 9.3-posix 20200320 (GCC) 
configure:8889: $? = 0
configure:8878: x86_64-w64-mingw32-g++ -V >&5
x86_64-w64-mingw32-g++: error: unrecognized command line option '-V'
x86_64-w64-mingw32-g++: fatal error: no input files
compilation terminated.
configure:8889: $? = 1
configure:8878: x86_64-w64-mingw32-g++ -qversion >&5
x86_64-w64-mingw32-g++: error: unrecognized command line option '-qversion'; did you mean '--version'?
x86_64-w64-mingw32-g++: fatal error: no input files
compilation terminated.
configure:8889: $? = 1
configure:8893: checking whether we are using the GNU C++ compiler
configure:8912: x86_64-w64-mingw32-g++ -c -pipe -O2  -I/home/blackluv/lebrowski/depends/x86_64-w64-mingw32/share/../include/  conftest.cpp >&5
configure:8912: $? = 0
configure:8921: result: yes
configure:8930: checking whether x86_64-w64-mingw32-g++ accepts -g
configure:8950: x86_64-w64-mingw32-g++ -c -g -I/home/blackluv/lebrowski/depends/x86_64-w64-mingw32/share/../include/  conftest.cpp >&5
configure:8950: $? = 0
configure:8991: result: yes
configure:9016: checking dependency style of x86_64-w64-mingw32-g++
configure:9127: result: gcc3
configure:9161: checking how to run the C++ preprocessor
configure:9188: x86_64-w64-mingw32-g++ -E -I/home/blackluv/lebrowski/depends/x86_64-w64-mingw32/share/../include/  conftest.cpp
configure:9188: $? = 0
configure:9202: x86_64-w64-mingw32-g++ -E -I/home/blackluv/lebrowski/depends/x86_64-w64-mingw32/share/../include/  conftest.cpp
conftest.cpp:22:10: fatal error: ac_nonexistent.h: No such file or directory
   22 | #include <ac_nonexistent.h>
      |          ^~~~~~~~~~~~~~~~~~
compilation terminated.
configure:9202: $? = 1
configure: failed program was:
| /* confdefs.h */
| #define PACKAGE_NAME "univalue"
| #define PACKAGE_TARNAME "univalue"
| #define PACKAGE_VERSION "1.0.4"
| #define PACKAGE_STRING "univalue 1.0.4"
| #define PACKAGE_BUGREPORT "http://github.com/jgarzik/univalue/"
| #define PACKAGE_URL ""
| #define PACKAGE "univalue"
| #define VERSION "1.0.4"
| #define STDC_HEADERS 1
| #define HAVE_SYS_TYPES_H 1
| #define HAVE_SYS_STAT_H 1
| #define HAVE_STDLIB_H 1
| #define HAVE_STRING_H 1
| #define HAVE_MEMORY_H 1
| #define HAVE_STRINGS_H 1
| #define HAVE_INTTYPES_H 1
| #define HAVE_STDINT_H 1
| #define HAVE_UNISTD_H 1
| #define LT_OBJDIR ".libs/"
| /* end confdefs.h.  */
| #include <ac_nonexistent.h>
configure:9227: result: x86_64-w64-mingw32-g++ -E
configure:9247: x86_64-w64-mingw32-g++ -E -I/home/blackluv/lebrowski/depends/x86_64-w64-mingw32/share/../include/  conftest.cpp
configure:9247: $? = 0
configure:9261: x86_64-w64-mingw32-g++ -E -I/home/blackluv/lebrowski/depends/x86_64-w64-mingw32/share/../include/  conftest.cpp
conftest.cpp:22:10: fatal error: ac_nonexistent.h: No such file or directory
   22 | #include <ac_nonexistent.h>
      |          ^~~~~~~~~~~~~~~~~~
compilation terminated.
configure:9261: $? = 1
configure: failed program was:
| /* confdefs.h */
| #define PACKAGE_NAME "univalue"
| #define PACKAGE_TARNAME "univalue"
| #define PACKAGE_VERSION "1.0.4"
| #define PACKAGE_STRING "univalue 1.0.4"
| #define PACKAGE_BUGREPORT "http://github.com/jgarzik/univalue/"
| #define PACKAGE_URL ""
| #define PACKAGE "univalue"
| #define VERSION "1.0.4"
| #define STDC_HEADERS 1
| #define HAVE_SYS_TYPES_H 1
| #define HAVE_SYS_STAT_H 1
| #define HAVE_STDLIB_H 1
| #define HAVE_STRING_H 1
| #define HAVE_MEMORY_H 1
| #define HAVE_STRINGS_H 1
| #define HAVE_INTTYPES_H 1
| #define HAVE_STDINT_H 1
| #define HAVE_UNISTD_H 1
| #define LT_OBJDIR ".libs/"
| /* end confdefs.h.  */
| #include <ac_nonexistent.h>
configure:9423: checking for ld used by x86_64-w64-mingw32-g++
configure:9490: result: /usr/bin/x86_64-w64-mingw32-ld
configure:9497: checking if the linker (/usr/bin/x86_64-w64-mingw32-ld) is GNU ld
configure:9512: result: yes
configure:9567: checking whether the x86_64-w64-mingw32-g++ linker (/usr/bin/x86_64-w64-mingw32-ld) supports shared libraries
configure:10640: result: yes
configure:10676: x86_64-w64-mingw32-g++ -c -pipe -O2  -I/home/blackluv/lebrowski/depends/x86_64-w64-mingw32/share/../include/  conftest.cpp >&5
configure:10679: $? = 0
configure:11160: checking for x86_64-w64-mingw32-g++ option to produce PIC
configure:11167: result: -DDLL_EXPORT -DPIC
configure:11175: checking if x86_64-w64-mingw32-g++ PIC flag -DDLL_EXPORT -DPIC works
configure:11193: x86_64-w64-mingw32-g++ -c -pipe -O2  -I/home/blackluv/lebrowski/depends/x86_64-w64-mingw32/share/../include/  -DDLL_EXPORT -DPIC -DPIC conftest.cpp >&5
configure:11197: $? = 0
configure:11210: result: yes
configure:11233: checking if x86_64-w64-mingw32-g++ static flag -static works
configure:11261: result: yes
configure:11273: checking if x86_64-w64-mingw32-g++ supports -c -o file.o
configure:11294: x86_64-w64-mingw32-g++ -c -pipe -O2  -I/home/blackluv/lebrowski/depends/x86_64-w64-mingw32/share/../include/  -o out/conftest2.o conftest.cpp >&5
configure:11298: $? = 0
configure:11320: result: yes
configure:11325: checking if x86_64-w64-mingw32-g++ supports -c -o file.o
configure:11372: result: yes
configure:11402: checking whether the x86_64-w64-mingw32-g++ linker (/usr/bin/x86_64-w64-mingw32-ld) supports shared libraries
configure:11445: result: yes
configure:11586: checking dynamic linker characteristics
configure:12343: result: Win32 ld.exe
configure:12408: checking how to hardcode library paths into programs
configure:12433: result: immediate
configure:11321: checking whether x86_64-w64-mingw32-g++ supports C++11 features with -std=c++11
configure:11619: x86_64-w64-mingw32-g++ -std=c++11 -c -pipe -O2  -I/home/blackluv/lebrowski/depends/x86_64-w64-mingw32/share/../include/  conftest.cpp >&5
configure:11619: $? = 0
configure:11628: result: yes
configure:11787: checking that generated files are newer than configure
configure:11793: result: done
configure:11820: creating ./config.status

## ---------------------- ##
## Running config.status. ##
## ---------------------- ##

This file was extended by univalue config.status 1.0.4, which was
generated by GNU Autoconf 2.69.  Invocation command line was

  CONFIG_FILES    = 
  CONFIG_HEADERS  = 
  CONFIG_LINKS    = 
  CONFIG_COMMANDS = 
  $ ./config.status 

on DESKTOP-8P2PPIG

config.status:1170: creating Makefile
config.status:1170: creating pc/libunivalue.pc
config.status:1170: creating pc/libunivalue-uninstalled.pc
config.status:1170: creating univalue-config.h
config.status:1399: executing depfiles commands
config.status:1476: cd .       && sed -e '/# am--include-marker/d' Makefile         | make -f - am--depfiles
config.status:1481: $? = 0
config.status:1399: executing libtool commands

## ---------------- ##
## Cache variables. ##
## ---------------- ##

ac_cv_build=x86_64-pc-linux-gnu
ac_cv_c_compiler_gnu=yes
ac_cv_cxx_compiler_gnu=yes
ac_cv_env_CCC_set=
ac_cv_env_CCC_value=
ac_cv_env_CC_set=
ac_cv_env_CC_value=
ac_cv_env_CFLAGS_set=
ac_cv_env_CFLAGS_value=
ac_cv_env_CPPFLAGS_set=
ac_cv_env_CPPFLAGS_value=
ac_cv_env_CPP_set=
ac_cv_env_CPP_value=
ac_cv_env_CXXCPP_set=
ac_cv_env_CXXCPP_value=
ac_cv_env_CXXFLAGS_set=
ac_cv_env_CXXFLAGS_value=
ac_cv_env_CXX_set=
ac_cv_env_CXX_value=
ac_cv_env_LDFLAGS_set=
ac_cv_env_LDFLAGS_value=
ac_cv_env_LIBS_set=
ac_cv_env_LIBS_value=
ac_cv_env_LT_SYS_LIBRARY_PATH_set=
ac_cv_env_LT_SYS_LIBRARY_PATH_value=
ac_cv_env_build_alias_set=
ac_cv_env_build_alias_value=
ac_cv_env_host_alias_set=
ac_cv_env_host_alias_value=
ac_cv_env_target_alias_set=
ac_cv_env_target_alias_value=
ac_cv_exeext=.exe
ac_cv_header_dlfcn_h=no
ac_cv_header_inttypes_h=yes
ac_cv_header_memory_h=yes
ac_cv_header_stdc=yes
ac_cv_header_stdint_h=yes
ac_cv_header_stdlib_h=yes
ac_cv_header_string_h=yes
ac_cv_header_strings_h=yes
ac_cv_header_sys_stat_h=yes
ac_cv_header_sys_types_h=yes
ac_cv_header_unistd_h=yes
ac_cv_host=x86_64-w64-mingw32
ac_cv_objext=o
ac_cv_path_EGREP='/usr/bin/grep -E'
ac_cv_path_FGREP='/usr/bin/grep -F'
ac_cv_path_GREP=/usr/bin/grep
ac_cv_path_SED=/usr/bin/sed
ac_cv_path_ac_pt_AR=x86_64-w64-mingw32-ar
ac_cv_path_ac_pt_NM=x86_64-w64-mingw32-nm
ac_cv_path_ac_pt_RANLIB=x86_64-w64-mingw32-ranlib
ac_cv_path_install='/usr/bin/install -c'
ac_cv_path_lt_DD=/usr/bin/dd
ac_cv_path_mkdir=/usr/bin/mkdir
ac_cv_prog_AR=x86_64-w64-mingw32-ar
ac_cv_prog_AWK=gawk
ac_cv_prog_CC=x86_64-w64-mingw32-gcc
ac_cv_prog_CPP='x86_64-w64-mingw32-gcc -E'
ac_cv_prog_CXXCPP='x86_64-w64-mingw32-g++ -E'
ac_cv_prog_DLLTOOL=x86_64-w64-mingw32-dlltool
ac_cv_prog_OBJDUMP=x86_64-w64-mingw32-objdump
ac_cv_prog_RANLIB=x86_64-w64-mingw32-ranlib
ac_cv_prog_STRIP=x86_64-w64-mingw32-strip
ac_cv_prog_ac_ct_MANIFEST_TOOL=mt
ac_cv_prog_cc_c89=
ac_cv_prog_cc_g=yes
ac_cv_prog_cxx_g=yes
ac_cv_prog_make_make_set=yes
am_cv_CC_dependencies_compiler_type=gcc3
am_cv_CXX_dependencies_compiler_type=gcc3
am_cv_make_support_nested_variables=yes
am_cv_prog_cc_c_o=yes
ax_cv_cxx_compile_cxx11__std_cpp11=yes
lt_cv_ar_at_file=@
lt_cv_deplibs_check_method='file_magic ^x86 archive import|^x86 DLL'
lt_cv_file_magic_cmd=func_win32_libid
lt_cv_file_magic_test_file=
lt_cv_ld_reload_flag=-r
lt_cv_nm_interface='BSD nm'
lt_cv_objdir=.libs
lt_cv_path_LD=/usr/bin/x86_64-w64-mingw32-ld
lt_cv_path_LDCXX=/usr/bin/x86_64-w64-mingw32-ld
lt_cv_path_NM=x86_64-w64-mingw32-nm
lt_cv_path_mainfest_tool=no
lt_cv_prog_compiler_c_o=yes
lt_cv_prog_compiler_c_o_CXX=yes
lt_cv_prog_compiler_pic='-DDLL_EXPORT -DPIC'
lt_cv_prog_compiler_pic_CXX='-DDLL_EXPORT -DPIC'
lt_cv_prog_compiler_pic_works=yes
lt_cv_prog_compiler_pic_works_CXX=yes
lt_cv_prog_compiler_rtti_exceptions=no
lt_cv_prog_compiler_static_works=yes
lt_cv_prog_compiler_static_works_CXX=yes
lt_cv_prog_gnu_ld=yes
lt_cv_prog_gnu_ldcxx=yes
lt_cv_sharedlib_from_linklib_cmd=func_cygming_dll_for_implib
lt_cv_sys_global_symbol_pipe='sed -n -e '\''s/^.*[	 ]\([ABCDGIRSTW][ABCDGIRSTW]*\)[	 ][	 ]*\([_A-Za-z][_A-Za-z0-9]*\)$/\1 \2 \2/p'\'' | sed '\''/ __gnu_lto/d'\'''
lt_cv_sys_global_symbol_to_c_name_address='sed -n -e '\''s/^: \(.*\) .*$/  {"\1", (void *) 0},/p'\'' -e '\''s/^[ABCDGIRSTW][ABCDGIRSTW]* .* \(.*\)$/  {"\1", (void *) \&\1},/p'\'''
lt_cv_sys_global_symbol_to_c_name_address_lib_prefix='sed -n -e '\''s/^: \(.*\) .*$/  {"\1", (void *) 0},/p'\'' -e '\''s/^[ABCDGIRSTW][ABCDGIRSTW]* .* \(lib.*\)$/  {"\1", (void *) \&\1},/p'\'' -e '\''s/^[ABCDGIRSTW][ABCDGIRSTW]* .* \(.*\)$/  {"lib\1", (void *) \&\1},/p'\'''
lt_cv_sys_global_symbol_to_cdecl='sed -n -e '\''s/^T .* \(.*\)$/extern int \1();/p'\'' -e '\''s/^[ABCDGIRSTW][ABCDGIRSTW]* .* \(.*\)$/extern char \1;/p'\'''
lt_cv_sys_global_symbol_to_import=
lt_cv_sys_max_cmd_len=1572864
lt_cv_to_host_file_cmd=func_convert_file_nix_to_w32
lt_cv_to_tool_file_cmd=func_convert_file_noop
lt_cv_truncate_bin='/usr/bin/dd bs=4096 count=1'

## ----------------- ##
## Output variables. ##
## ----------------- ##

ACLOCAL='${SHELL} /home/blackluv/lebrowski/src/univalue/build-aux/missing aclocal-1.16'
AMDEPBACKSLASH='\'
AMDEP_FALSE='#'
AMDEP_TRUE=''
AMTAR='$${TAR-tar}'
AM_BACKSLASH='\'
AM_DEFAULT_V='$(AM_DEFAULT_VERBOSITY)'
AM_DEFAULT_VERBOSITY='0'
AM_V='$(V)'
AR='x86_64-w64-mingw32-ar'
AUTOCONF='${SHELL} /home/blackluv/lebrowski/src/univalue/build-aux/missing autoconf'
AUTOHEADER='${SHELL} /home/blackluv/lebrowski/src/univalue/build-aux/missing autoheader'
AUTOMAKE='${SHELL} /home/blackluv/lebrowski/src/univalue/build-aux/missing automake-1.16'
AWK='gawk'
BUILD_EXEEXT=''
CC='x86_64-w64-mingw32-gcc'
CCDEPMODE='depmode=gcc3'
CFLAGS='-pipe -O2 '
CPP='x86_64-w64-mingw32-gcc -E'
CPPFLAGS='-I/home/blackluv/lebrowski/depends/x86_64-w64-mingw32/share/../include/ '
CXX='x86_64-w64-mingw32-g++ -std=c++11'
CXXCPP='x86_64-w64-mingw32-g++ -E -std=c++11'
CXXDEPMODE='depmode=gcc3'
CXXFLAGS='-pipe -O2 '
CYGPATH_W='echo'
DEFS='-DHAVE_CONFIG_H'
DEPDIR='.deps'
DLLTOOL='x86_64-w64-mingw32-dlltool'
DSYMUTIL=''
DUMPBIN=''
ECHO_C=''
ECHO_N='-n'
ECHO_T=''
EGREP='/usr/bin/grep -E'
EXEEXT='.exe'
FGREP='/usr/bin/grep -F'
GREP='/usr/bin/grep'
HAVE_CXX11='1'
INSTALL_DATA='${INSTALL} -m 644'
INSTALL_PROGRAM='${INSTALL}'
INSTALL_SCRIPT='${INSTALL}'
INSTALL_STRIP_PROGRAM='$(install_sh) -c -s'
LD='/usr/bin/x86_64-w64-mingw32-ld'
LDFLAGS='-L/home/blackluv/lebrowski/depends/x86_64-w64-mingw32/share/../lib '
LIBOBJS=''
LIBS=''
LIBTOOL='$(SHELL) $(top_builddir)/libtool'
LIBTOOL_APP_LDFLAGS=' -all-static'
LIBUNIVALUE_AGE='100'
LIBUNIVALUE_CURRENT='100'
LIBUNIVALUE_REVISION='4'
LIPO=''
LN_S='ln -s'
LTLIBOBJS=''
LT_SYS_LIBRARY_PATH=''
MAKEINFO='${SHELL} /home/blackluv/lebrowski/src/univalue/build-aux/missing makeinfo'
MANIFEST_TOOL=':'
MKDIR_P='/usr/bin/mkdir -p'
NM='x86_64-w64-mingw32-nm'
NMEDIT=''
OBJDUMP='x86_64-w64-mingw32-objdump'
OBJEXT='o'
OTOOL64=''
OTOOL=''
PACKAGE='univalue'
PACKAGE_BUGREPORT='http://github.com/jgarzik/univalue/'
PACKAGE_NAME='univalue'
PACKAGE_STRING='univalue 1.0.4'
PACKAGE_TARNAME='univalue'
PACKAGE_URL=''
PACKAGE_VERSION='1.0.4'
PATH_SEPARATOR=':'
RANLIB='x86_64-w64-mingw32-ranlib'
SED='/usr/bin/sed'
SET_MAKE=''
SHELL='/bin/bash'
STRIP='x86_64-w64-mingw32-strip'
VERSION='1.0.4'
ac_ct_AR=''
ac_ct_CC=''
ac_ct_CXX=''
ac_ct_DUMPBIN=''
am__EXEEXT_FALSE='#'
am__EXEEXT_TRUE=''
am__fastdepCC_FALSE='#'
am__fastdepCC_TRUE=''
am__fastdepCXX_FALSE='#'
am__fastdepCXX_TRUE=''
am__include='include'
am__isrc=''
am__leading_dot='.'
am__nodep='_no'
am__quote=''
am__tar='$${TAR-tar} chof - "$$tardir"'
am__untar='$${TAR-tar} xf -'
bindir='${exec_prefix}/bin'
build='x86_64-pc-linux-gnu'
build_alias=''
build_cpu='x86_64'
build_os='linux-gnu'
build_vendor='pc'
datadir='${datarootdir}'
datarootdir='${prefix}/share'
docdir='${datarootdir}/doc/${PACKAGE_TARNAME}'
dvidir='${docdir}'
exec_prefix='${prefix}'
host='x86_64-w64-mingw32'
host_alias='x86_64-w64-mingw32'
host_cpu='x86_64'
host_os='mingw32'
host_vendor='w64'
htmldir='${docdir}'
includedir='${prefix}/include'
infodir='${datarootdir}/info'
install_sh='${SHELL} /home/blackluv/lebrowski/src/univalue/build-aux/install-sh'
libdir='${exec_prefix}/lib'
libexecdir='${exec_prefix}/libexec'
localedir='${datarootdir}/locale'
localstatedir='${prefix}/var'
mandir='${datarootdir}/man'
mkdir_p='$(MKDIR_P)'
oldincludedir='/usr/include'
pdfdir='${docdir}'
prefix='/'
program_transform_name='s,x,x,'
psdir='${docdir}'
runstatedir='${localstatedir}/run'
sbindir='${exec_prefix}/sbin'
sharedstatedir='${prefix}/com'
sysconfdir='${prefix}/etc'
target_alias=''

## ----------- ##
## confdefs.h. ##
## ----------- ##

/* confdefs.h */
#define PACKAGE_NAME "univalue"
#define PACKAGE_TARNAME "univalue"
#define PACKAGE_VERSION "1.0.4"
#define PACKAGE_STRING "univalue 1.0.4"
#define PACKAGE_BUGREPORT "http://github.com/jgarzik/univalue/"
#define PACKAGE_URL ""
#define PACKAGE "univalue"
#define VERSION "1.0.4"
#define STDC_HEADERS 1
#define HAVE_SYS_TYPES_H 1
#define HAVE_SYS_STAT_H 1
#define HAVE_STDLIB_H 1
#define HAVE_STRING_H 1
#define HAVE_MEMORY_H 1
#define HAVE_STRINGS_H 1
#define HAVE_INTTYPES_H 1
#define HAVE_STDINT_H 1
#define HAVE_UNISTD_H 1
#define LT_OBJDIR ".libs/"
#define HAVE_CXX11 1

configure: exit 0
