This file contains any messages produced by compilers while
running configure, to aid debugging if configure makes a mistake.

It was created by libsecp256k1 configure 0.1, which was
generated by GNU Autoconf 2.69.  Invocation command line was

  $ ./configure --disable-option-checking --prefix=/ --disable-shared --with-pic --with-bignum=no --enable-module-recovery --cache-file=/dev/null --srcdir=.

## --------- ##
## Platform. ##
## --------- ##

hostname = DESKTOP-8P2PPIG
uname -m = x86_64
uname -r = 5.15.167.4-microsoft-standard-WSL2
uname -s = Linux
uname -v = #1 SMP Tue Nov 5 00:21:55 UTC 2024

/usr/bin/uname -p = x86_64
/bin/uname -X     = unknown

/bin/arch              = x86_64
/usr/bin/arch -k       = unknown
/usr/convex/getsysinfo = unknown
/usr/bin/hostinfo      = unknown
/bin/machine           = unknown
/usr/bin/oslevel       = unknown
/bin/universe          = unknown

PATH: /home/blackluv/lebrowski/depends/x86_64-w64-mingw32/share/../native/bin
PATH: /usr/local/sbin
PATH: /usr/local/bin
PATH: /usr/sbin
PATH: /usr/bin
PATH: /sbin
PATH: /bin
PATH: /usr/games
PATH: /usr/local/games
PATH: /usr/lib/wsl/lib


## ----------- ##
## Core tests. ##
## ----------- ##

configure:2270: loading site script /home/blackluv/lebrowski/depends/x86_64-w64-mingw32/share/config.site
| depends_prefix="`dirname ${ac_site_file}`/.."
| 
| cross_compiling=maybe
| host_alias=x86_64-w64-mingw32
| ac_tool_prefix=${host_alias}-
| 
| if test -z $with_boost; then
|   with_boost=$depends_prefix
| fi
| if test -z $with_qt_plugindir; then
|   with_qt_plugindir=$depends_prefix/plugins
| fi
| if test -z $with_qt_translationdir; then
|   with_qt_translationdir=$depends_prefix/translations
| fi
| if test -z $with_qt_bindir; then
|   with_qt_bindir=$depends_prefix/native/bin
| fi
| if test -z $with_protoc_bindir; then
|   with_protoc_bindir=$depends_prefix/native/bin
| fi
| 
| 
| if test -z $enable_wallet && test -n ""; then
|   enable_wallet=no
| fi
| 
| if test -z $with_miniupnpc && test -n ""; then
|   with_miniupnpc=no
| fi
| 
| if test -z $with_gui && test -n ""; then
|   with_gui=no
| fi
| 
| if test xmingw32 = xdarwin; then
|   BREW=no
|   PORT=no
| fi
| 
| if test xmingw32 = xmingw32; then
|   if test -z $with_qt_incdir; then
|     with_qt_incdir=$depends_prefix/include
|   fi
|   if test -z $with_qt_libdir; then
|     with_qt_libdir=$depends_prefix/lib
|   fi
| fi
| 
| PATH=$depends_prefix/native/bin:$PATH
| PKG_CONFIG="`which pkg-config` --static"
| 
| # These two need to remain exported because pkg-config does not see them
| # otherwise. That means they must be unexported at the end of configure.ac to
| # avoid ruining the cache. Sigh.
| 
| export PKG_CONFIG_LIBDIR=$depends_prefix/lib/pkgconfig
| export PKG_CONFIG_PATH=$depends_prefix/share/pkgconfig
| 
| CPPFLAGS="-I$depends_prefix/include/ $CPPFLAGS"
| LDFLAGS="-L$depends_prefix/lib $LDFLAGS"
| 
| CC="x86_64-w64-mingw32-gcc"
| CXX="x86_64-w64-mingw32-g++"
| OBJC="${CC}"
| CCACHE=$depends_prefix/native/bin/ccache
| PYTHONPATH=$depends_prefix/native/lib/python/dist-packages:$PYTHONPATH
| 
| if test -n "x86_64-w64-mingw32-ar"; then
|   AR=x86_64-w64-mingw32-ar
|   ac_cv_path_ac_pt_AR=${AR}
| fi
| 
| if test -n "x86_64-w64-mingw32-ranlib"; then
|   RANLIB=x86_64-w64-mingw32-ranlib
|   ac_cv_path_ac_pt_RANLIB=${RANLIB}
| fi
| 
| if test -n "x86_64-w64-mingw32-nm"; then
|   NM=x86_64-w64-mingw32-nm
|   ac_cv_path_ac_pt_NM=${NM}
| fi
| 
| if test -n ""; then
|   enable_reduce_exports=no
| fi
| 
| if test -n "-pipe -O2"; then
|   CFLAGS="-pipe -O2 $CFLAGS"
| fi
| if test -n "-pipe -O2"; then
|   CXXFLAGS="-pipe -O2 $CXXFLAGS"
| fi
| if test -n ""; then
|   CPPFLAGS=" $CPPFLAGS"
| fi
| if test -n ""; then
|   LDFLAGS=" $LDFLAGS"
| fi
configure:2400: checking build system type
configure:2414: result: x86_64-pc-linux-gnu
configure:2434: checking host system type
configure:2447: result: x86_64-w64-mingw32
configure:2486: checking for a BSD-compatible install
configure:2554: result: /usr/bin/install -c
configure:2565: checking whether build environment is sane
configure:2620: result: yes
configure:2677: checking for x86_64-w64-mingw32-strip
configure:2693: found /usr/bin/x86_64-w64-mingw32-strip
configure:2704: result: x86_64-w64-mingw32-strip
configure:2769: checking for a thread-safe mkdir -p
configure:2808: result: /usr/bin/mkdir -p
configure:2815: checking for gawk
configure:2831: found /usr/bin/gawk
configure:2842: result: gawk
configure:2853: checking whether make sets $(MAKE)
configure:2875: result: yes
configure:2904: checking whether make supports nested variables
configure:2921: result: yes
configure:3093: checking how to print strings
configure:3120: result: printf
configure:3145: checking whether make supports the include directive
configure:3160: make -f confmf.GNU && cat confinc.out
this is the am__doit target
configure:3163: $? = 0
configure:3182: result: yes (GNU style)
configure:3212: checking for x86_64-w64-mingw32-gcc
configure:3239: result: x86_64-w64-mingw32-gcc
configure:3508: checking for C compiler version
configure:3517: x86_64-w64-mingw32-gcc --version >&5
x86_64-w64-mingw32-gcc (GCC) 9.3-win32 20200320
Copyright (C) 2019 Free Software Foundation, Inc.
This is free software; see the source for copying conditions.  There is NO
warranty; not even for MERCHANTABILITY or FITNESS FOR A PARTICULAR PURPOSE.

configure:3528: $? = 0
configure:3517: x86_64-w64-mingw32-gcc -v >&5
Using built-in specs.
COLLECT_GCC=x86_64-w64-mingw32-gcc
COLLECT_LTO_WRAPPER=/usr/lib/gcc/x86_64-w64-mingw32/9.3-win32/lto-wrapper
Target: x86_64-w64-mingw32
Configured with: ../../src/configure --build=x86_64-linux-gnu --prefix=/usr --includedir='/usr/include' --mandir='/usr/share/man' --infodir='/usr/share/info' --sysconfdir=/etc --localstatedir=/var --disable-silent-rules --libdir='/usr/lib/x86_64-linux-gnu' --libexecdir='/usr/lib/x86_64-linux-gnu' --disable-maintainer-mode --disable-dependency-tracking --prefix=/usr --enable-shared --enable-static --disable-multilib --with-system-zlib --libexecdir=/usr/lib --without-included-gettext --libdir=/usr/lib --enable-libstdcxx-time=yes --with-tune=generic --with-headers=/usr/x86_64-w64-mingw32/include --enable-version-specific-runtime-libs --enable-fully-dynamic-string --enable-libgomp --enable-languages=c,c++,fortran,objc,obj-c++,ada --enable-lto --enable-threads=win32 --program-suffix=-win32 --program-prefix=x86_64-w64-mingw32- --target=x86_64-w64-mingw32 --with-as=/usr/bin/x86_64-w64-mingw32-as --with-ld=/usr/bin/x86_64-w64-mingw32-ld --enable-libatomic --enable-libstdcxx-filesystem-ts=yes --enable-dependency-tracking
Thread model: win32
gcc version 9.3-win32 20200320 (GCC) 
configure:3528: $? = 0
configure:3517: x86_64-w64-mingw32-gcc -V >&5
x86_64-w64-mingw32-gcc: error: unrecognized command line option '-V'
x86_64-w64-mingw32-gcc: fatal error: no input files
compilation terminated.
configure:3528: $? = 1
configure:3517: x86_64-w64-mingw32-gcc -qversion >&5
x86_64-w64-mingw32-gcc: error: unrecognized command line option '-qversion'; did you mean '--version'?
x86_64-w64-mingw32-gcc: fatal error: no input files
compilation terminated.
configure:3528: $? = 1
configure:3548: checking whether the C compiler works
configure:3570: x86_64-w64-mingw32-gcc -pipe -O2  -I/home/blackluv/lebrowski/depends/x86_64-w64-mingw32/share/../include/  -L/home/blackluv/lebrowski/depends/x86_64-w64-mingw32/share/../lib  conftest.c  >&5
configure:3574: $? = 0
configure:3622: result: yes
configure:3625: checking for C compiler default output file name
configure:3627: result: a.exe
configure:3633: checking for suffix of executables
configure:3640: x86_64-w64-mingw32-gcc -o conftest.exe -pipe -O2  -I/home/blackluv/lebrowski/depends/x86_64-w64-mingw32/share/../include/  -L/home/blackluv/lebrowski/depends/x86_64-w64-mingw32/share/../lib  conftest.c  >&5
configure:3644: $? = 0
configure:3666: result: .exe
configure:3688: checking whether we are cross compiling
configure:3696: x86_64-w64-mingw32-gcc -o conftest.exe -pipe -O2  -I/home/blackluv/lebrowski/depends/x86_64-w64-mingw32/share/../include/  -L/home/blackluv/lebrowski/depends/x86_64-w64-mingw32/share/../lib  conftest.c  >&5
configure:3700: $? = 0
configure:3707: ./conftest.exe
./configure: line 3709: ./conftest.exe: cannot execute binary file: Exec format error
configure:3711: $? = 126
configure:3699: result: yes
configure:3704: checking for suffix of object files
configure:3726: x86_64-w64-mingw32-gcc -c -pipe -O2  -I/home/blackluv/lebrowski/depends/x86_64-w64-mingw32/share/../include/  conftest.c >&5
configure:3730: $? = 0
configure:3751: result: o
configure:3755: checking whether we are using the GNU C compiler
configure:3774: x86_64-w64-mingw32-gcc -c -pipe -O2  -I/home/blackluv/lebrowski/depends/x86_64-w64-mingw32/share/../include/  conftest.c >&5
configure:3774: $? = 0
configure:3783: result: yes
configure:3792: checking whether x86_64-w64-mingw32-gcc accepts -g
configure:3812: x86_64-w64-mingw32-gcc -c -g -I/home/blackluv/lebrowski/depends/x86_64-w64-mingw32/share/../include/  conftest.c >&5
configure:3812: $? = 0
configure:3853: result: yes
configure:3870: checking for x86_64-w64-mingw32-gcc option to accept ISO C89
configure:3933: x86_64-w64-mingw32-gcc  -c -pipe -O2  -I/home/blackluv/lebrowski/depends/x86_64-w64-mingw32/share/../include/  conftest.c >&5
configure:3933: $? = 0
configure:3946: result: none needed
configure:3971: checking whether x86_64-w64-mingw32-gcc understands -c and -o together
configure:3993: x86_64-w64-mingw32-gcc -c conftest.c -o conftest2.o
configure:3996: $? = 0
configure:3993: x86_64-w64-mingw32-gcc -c conftest.c -o conftest2.o
configure:3996: $? = 0
configure:4008: result: yes
configure:4027: checking dependency style of x86_64-w64-mingw32-gcc
configure:4138: result: gcc3
configure:4153: checking for a sed that does not truncate output
configure:4217: result: /usr/bin/sed
configure:4235: checking for grep that handles long lines and -e
configure:4293: result: /usr/bin/grep
configure:4298: checking for egrep
configure:4360: result: /usr/bin/grep -E
configure:4365: checking for fgrep
configure:4427: result: /usr/bin/grep -F
configure:4462: checking for ld used by x86_64-w64-mingw32-gcc
configure:4529: result: /usr/bin/x86_64-w64-mingw32-ld
configure:4536: checking if the linker (/usr/bin/x86_64-w64-mingw32-ld) is GNU ld
configure:4551: result: yes
configure:4563: checking for BSD- or MS-compatible name lister (nm)
configure:4617: result: x86_64-w64-mingw32-nm
configure:4747: checking the name lister (x86_64-w64-mingw32-nm) interface
configure:4754: x86_64-w64-mingw32-gcc -c -pipe -O2  -I/home/blackluv/lebrowski/depends/x86_64-w64-mingw32/share/../include/  conftest.c >&5
configure:4757: x86_64-w64-mingw32-nm "conftest.o"
configure:4760: output
0000000000000000 b .bss
0000000000000000 d .data
0000000000000000 r .rdata$zzz
0000000000000000 t .text
0000000000000000 B some_variable
configure:4761: result: BSD nm
configure:4764: checking whether ln -s works
configure:4768: result: yes
configure:4776: checking the maximum length of command line arguments
configure:4907: result: 1572864
configure:4955: checking how to convert x86_64-pc-linux-gnu file names to x86_64-w64-mingw32 format
configure:4995: result: func_convert_file_nix_to_w32
configure:5002: checking how to convert x86_64-pc-linux-gnu file names to toolchain format
configure:5022: result: func_convert_file_noop
configure:5029: checking for /usr/bin/x86_64-w64-mingw32-ld option to reload object files
configure:5036: result: -r
configure:5070: checking for x86_64-w64-mingw32-objdump
configure:5086: found /usr/bin/x86_64-w64-mingw32-objdump
configure:5097: result: x86_64-w64-mingw32-objdump
configure:5169: checking how to recognize dependent libraries
configure:5369: result: file_magic ^x86 archive import|^x86 DLL
configure:5414: checking for x86_64-w64-mingw32-dlltool
configure:5430: found /usr/bin/x86_64-w64-mingw32-dlltool
configure:5441: result: x86_64-w64-mingw32-dlltool
configure:5514: checking how to associate runtime and link libraries
configure:5541: result: func_cygming_dll_for_implib
configure:5558: checking for x86_64-w64-mingw32-ar
configure:5585: result: x86_64-w64-mingw32-ar
configure:5666: checking for archiver @FILE support
configure:5683: x86_64-w64-mingw32-gcc -c -pipe -O2  -I/home/blackluv/lebrowski/depends/x86_64-w64-mingw32/share/../include/  conftest.c >&5
configure:5683: $? = 0
configure:5686: x86_64-w64-mingw32-ar cr libconftest.a @conftest.lst >&5
configure:5689: $? = 0
configure:5694: x86_64-w64-mingw32-ar cr libconftest.a @conftest.lst >&5
x86_64-w64-mingw32-ar: conftest.o: No such file or directory
configure:5697: $? = 1
configure:5696: result: @
configure:5714: checking for x86_64-w64-mingw32-strip
configure:5741: result: x86_64-w64-mingw32-strip
configure:5813: checking for x86_64-w64-mingw32-ranlib
configure:5840: result: x86_64-w64-mingw32-ranlib
configure:5982: checking command to parse x86_64-w64-mingw32-nm output from x86_64-w64-mingw32-gcc object
configure:6135: x86_64-w64-mingw32-gcc -c -pipe -O2  -I/home/blackluv/lebrowski/depends/x86_64-w64-mingw32/share/../include/  conftest.c >&5
configure:6138: $? = 0
configure:6142: x86_64-w64-mingw32-nm conftest.o | sed -n -e 's/^.*[	 ]\([ABCDGIRSTW][ABCDGIRSTW]*\)[	 ][	 ]*\([_A-Za-z][_A-Za-z0-9]*\)$/\1 \2 \2/p' | sed '/ __gnu_lto/d' > conftest.nm
configure:6208: x86_64-w64-mingw32-gcc -o conftest.exe -pipe -O2  -I/home/blackluv/lebrowski/depends/x86_64-w64-mingw32/share/../include/  -L/home/blackluv/lebrowski/depends/x86_64-w64-mingw32/share/../lib  conftest.c conftstm.o >&5
configure:6211: $? = 0
configure:6249: result: ok
configure:6296: checking for sysroot
configure:6326: result: no
configure:6333: checking for a working dd
configure:6371: result: /usr/bin/dd
configure:6375: checking how to truncate binary pipes
configure:6390: result: /usr/bin/dd bs=4096 count=1
configure:6679: checking for x86_64-w64-mingw32-mt
configure:6709: result: no
configure:6719: checking for mt
configure:6735: found /usr/bin/mt
configure:6746: result: mt
configure:6758: WARNING: using cross tools not prefixed with host triplet
configure:6769: checking if mt is a manifest tool
configure:6775: mt '-?'
configure:6783: result: no
configure:7460: checking how to run the C preprocessor
configure:7491: x86_64-w64-mingw32-gcc -E -I/home/blackluv/lebrowski/depends/x86_64-w64-mingw32/share/../include/  conftest.c
configure:7491: $? = 0
configure:7505: x86_64-w64-mingw32-gcc -E -I/home/blackluv/lebrowski/depends/x86_64-w64-mingw32/share/../include/  conftest.c
conftest.c:11:10: fatal error: ac_nonexistent.h: No such file or directory
   11 | #include <ac_nonexistent.h>
      |          ^~~~~~~~~~~~~~~~~~
compilation terminated.
configure:7505: $? = 1
configure: failed program was:
| /* confdefs.h */
| #define PACKAGE_NAME "libsecp256k1"
| #define PACKAGE_TARNAME "libsecp256k1"
| #define PACKAGE_VERSION "0.1"
| #define PACKAGE_STRING "libsecp256k1 0.1"
| #define PACKAGE_BUGREPORT ""
| #define PACKAGE_URL ""
| #define PACKAGE "libsecp256k1"
| #define VERSION "0.1"
| /* end confdefs.h.  */
| #include <ac_nonexistent.h>
configure:7530: result: x86_64-w64-mingw32-gcc -E
configure:7550: x86_64-w64-mingw32-gcc -E -I/home/blackluv/lebrowski/depends/x86_64-w64-mingw32/share/../include/  conftest.c
configure:7550: $? = 0
configure:7564: x86_64-w64-mingw32-gcc -E -I/home/blackluv/lebrowski/depends/x86_64-w64-mingw32/share/../include/  conftest.c
conftest.c:11:10: fatal error: ac_nonexistent.h: No such file or directory
   11 | #include <ac_nonexistent.h>
      |          ^~~~~~~~~~~~~~~~~~
compilation terminated.
configure:7564: $? = 1
configure: failed program was:
| /* confdefs.h */
| #define PACKAGE_NAME "libsecp256k1"
| #define PACKAGE_TARNAME "libsecp256k1"
| #define PACKAGE_VERSION "0.1"
| #define PACKAGE_STRING "libsecp256k1 0.1"
| #define PACKAGE_BUGREPORT ""
| #define PACKAGE_URL ""
| #define PACKAGE "libsecp256k1"
| #define VERSION "0.1"
| /* end confdefs.h.  */
| #include <ac_nonexistent.h>
configure:7593: checking for ANSI C header files
configure:7613: x86_64-w64-mingw32-gcc -c -pipe -O2  -I/home/blackluv/lebrowski/depends/x86_64-w64-mingw32/share/../include/  conftest.c >&5
configure:7613: $? = 0
configure:7697: result: yes
configure:7710: checking for sys/types.h
configure:7710: x86_64-w64-mingw32-gcc -c -pipe -O2  -I/home/blackluv/lebrowski/depends/x86_64-w64-mingw32/share/../include/  conftest.c >&5
configure:7710: $? = 0
configure:7710: result: yes
configure:7710: checking for sys/stat.h
configure:7710: x86_64-w64-mingw32-gcc -c -pipe -O2  -I/home/blackluv/lebrowski/depends/x86_64-w64-mingw32/share/../include/  conftest.c >&5
configure:7710: $? = 0
configure:7710: result: yes
configure:7710: checking for stdlib.h
configure:7710: x86_64-w64-mingw32-gcc -c -pipe -O2  -I/home/blackluv/lebrowski/depends/x86_64-w64-mingw32/share/../include/  conftest.c >&5
configure:7710: $? = 0
configure:7710: result: yes
configure:7710: checking for string.h
configure:7710: x86_64-w64-mingw32-gcc -c -pipe -O2  -I/home/blackluv/lebrowski/depends/x86_64-w64-mingw32/share/../include/  conftest.c >&5
configure:7710: $? = 0
configure:7710: result: yes
configure:7710: checking for memory.h
configure:7710: x86_64-w64-mingw32-gcc -c -pipe -O2  -I/home/blackluv/lebrowski/depends/x86_64-w64-mingw32/share/../include/  conftest.c >&5
configure:7710: $? = 0
configure:7710: result: yes
configure:7710: checking for strings.h
configure:7710: x86_64-w64-mingw32-gcc -c -pipe -O2  -I/home/blackluv/lebrowski/depends/x86_64-w64-mingw32/share/../include/  conftest.c >&5
configure:7710: $? = 0
configure:7710: result: yes
configure:7710: checking for inttypes.h
configure:7710: x86_64-w64-mingw32-gcc -c -pipe -O2  -I/home/blackluv/lebrowski/depends/x86_64-w64-mingw32/share/../include/  conftest.c >&5
configure:7710: $? = 0
configure:7710: result: yes
configure:7710: checking for stdint.h
configure:7710: x86_64-w64-mingw32-gcc -c -pipe -O2  -I/home/blackluv/lebrowski/depends/x86_64-w64-mingw32/share/../include/  conftest.c >&5
configure:7710: $? = 0
configure:7710: result: yes
configure:7710: checking for unistd.h
configure:7710: x86_64-w64-mingw32-gcc -c -pipe -O2  -I/home/blackluv/lebrowski/depends/x86_64-w64-mingw32/share/../include/  conftest.c >&5
configure:7710: $? = 0
configure:7710: result: yes
configure:7724: checking for dlfcn.h
configure:7724: x86_64-w64-mingw32-gcc -c -pipe -O2  -I/home/blackluv/lebrowski/depends/x86_64-w64-mingw32/share/../include/  conftest.c >&5
conftest.c:55:10: fatal error: dlfcn.h: No such file or directory
   55 | #include <dlfcn.h>
      |          ^~~~~~~~~
compilation terminated.
configure:7724: $? = 1
configure: failed program was:
| /* confdefs.h */
| #define PACKAGE_NAME "libsecp256k1"
| #define PACKAGE_TARNAME "libsecp256k1"
| #define PACKAGE_VERSION "0.1"
| #define PACKAGE_STRING "libsecp256k1 0.1"
| #define PACKAGE_BUGREPORT ""
| #define PACKAGE_URL ""
| #define PACKAGE "libsecp256k1"
| #define VERSION "0.1"
| #define STDC_HEADERS 1
| #define HAVE_SYS_TYPES_H 1
| #define HAVE_SYS_STAT_H 1
| #define HAVE_STDLIB_H 1
| #define HAVE_STRING_H 1
| #define HAVE_MEMORY_H 1
| #define HAVE_STRINGS_H 1
| #define HAVE_INTTYPES_H 1
| #define HAVE_STDINT_H 1
| #define HAVE_UNISTD_H 1
| /* end confdefs.h.  */
| #include <stdio.h>
| #ifdef HAVE_SYS_TYPES_H
| # include <sys/types.h>
| #endif
| #ifdef HAVE_SYS_STAT_H
| # include <sys/stat.h>
| #endif
| #ifdef STDC_HEADERS
| # include <stdlib.h>
| # include <stddef.h>
| #else
| # ifdef HAVE_STDLIB_H
| #  include <stdlib.h>
| # endif
| #endif
| #ifdef HAVE_STRING_H
| # if !defined STDC_HEADERS && defined HAVE_MEMORY_H
| #  include <memory.h>
| # endif
| # include <string.h>
| #endif
| #ifdef HAVE_STRINGS_H
| # include <strings.h>
| #endif
| #ifdef HAVE_INTTYPES_H
| # include <inttypes.h>
| #endif
| #ifdef HAVE_STDINT_H
| # include <stdint.h>
| #endif
| #ifdef HAVE_UNISTD_H
| # include <unistd.h>
| #endif
| 
| #include <dlfcn.h>
configure:7724: result: no
configure:7980: checking for objdir
configure:7995: result: .libs
configure:8259: checking if x86_64-w64-mingw32-gcc supports -fno-rtti -fno-exceptions
configure:8277: x86_64-w64-mingw32-gcc -c -pipe -O2  -I/home/blackluv/lebrowski/depends/x86_64-w64-mingw32/share/../include/  -fno-rtti -fno-exceptions conftest.c >&5
cc1: warning: command line option '-fno-rtti' is valid for C++/D/ObjC++ but not for C
configure:8281: $? = 0
configure:8294: result: no
configure:8658: checking for x86_64-w64-mingw32-gcc option to produce PIC
configure:8665: result: -DDLL_EXPORT -DPIC
configure:8673: checking if x86_64-w64-mingw32-gcc PIC flag -DDLL_EXPORT -DPIC works
configure:8691: x86_64-w64-mingw32-gcc -c -pipe -O2  -I/home/blackluv/lebrowski/depends/x86_64-w64-mingw32/share/../include/  -DDLL_EXPORT -DPIC -DPIC conftest.c >&5
configure:8695: $? = 0
configure:8708: result: yes
configure:8737: checking if x86_64-w64-mingw32-gcc static flag -static works
configure:8765: result: yes
configure:8780: checking if x86_64-w64-mingw32-gcc supports -c -o file.o
configure:8801: x86_64-w64-mingw32-gcc -c -pipe -O2  -I/home/blackluv/lebrowski/depends/x86_64-w64-mingw32/share/../include/  -o out/conftest2.o conftest.c >&5
configure:8805: $? = 0
configure:8827: result: yes
configure:8835: checking if x86_64-w64-mingw32-gcc supports -c -o file.o
configure:8882: result: yes
configure:8915: checking whether the x86_64-w64-mingw32-gcc linker (/usr/bin/x86_64-w64-mingw32-ld) supports shared libraries
configure:10178: result: yes
configure:10418: checking dynamic linker characteristics
configure:11248: result: Win32 ld.exe
configure:11370: checking how to hardcode library paths into programs
configure:11395: result: immediate
configure:11943: checking whether stripping libraries is possible
configure:11948: result: yes
configure:11983: checking if libtool supports shared libraries
configure:11985: result: yes
configure:11988: checking whether to build shared libraries
configure:12013: result: no
configure:12016: checking whether to build static libraries
configure:12020: result: yes
configure:8845: checking whether make supports nested variables
configure:8862: result: yes
configure:8885: checking for x86_64-w64-mingw32-pkg-config
configure:8915: result: /usr/bin/pkg-config --static
configure:8983: checking pkg-config is at least version 0.9.0
configure:8986: result: yes
configure:8998: checking for x86_64-w64-mingw32-ar
configure:9016: found /usr/bin/x86_64-w64-mingw32-ar
configure:9028: result: /usr/bin/x86_64-w64-mingw32-ar
configure:9096: checking for x86_64-w64-mingw32-ranlib
configure:9114: found /usr/bin/x86_64-w64-mingw32-ranlib
configure:9126: result: /usr/bin/x86_64-w64-mingw32-ranlib
configure:9194: checking for x86_64-w64-mingw32-strip
configure:9212: found /usr/bin/x86_64-w64-mingw32-strip
configure:9224: result: /usr/bin/x86_64-w64-mingw32-strip
configure:9345: checking for gcc
configure:9361: found /usr/bin/gcc
configure:9372: result: gcc
configure:9601: checking for C compiler version
configure:9610: gcc --version >&5
gcc (Ubuntu 9.4.0-1ubuntu1~20.04.2) 9.4.0
Copyright (C) 2019 Free Software Foundation, Inc.
This is free software; see the source for copying conditions.  There is NO
warranty; not even for MERCHANTABILITY or FITNESS FOR A PARTICULAR PURPOSE.

configure:9621: $? = 0
configure:9610: gcc -v >&5
Using built-in specs.
COLLECT_GCC=gcc
COLLECT_LTO_WRAPPER=/usr/lib/gcc/x86_64-linux-gnu/9/lto-wrapper
OFFLOAD_TARGET_NAMES=nvptx-none:hsa
OFFLOAD_TARGET_DEFAULT=1
Target: x86_64-linux-gnu
Configured with: ../src/configure -v --with-pkgversion='Ubuntu 9.4.0-1ubuntu1~20.04.2' --with-bugurl=file:///usr/share/doc/gcc-9/README.Bugs --enable-languages=c,ada,c++,go,brig,d,fortran,objc,obj-c++,gm2 --prefix=/usr --with-gcc-major-version-only --program-suffix=-9 --program-prefix=x86_64-linux-gnu- --enable-shared --enable-linker-build-id --libexecdir=/usr/lib --without-included-gettext --enable-threads=posix --libdir=/usr/lib --enable-nls --enable-clocale=gnu --enable-libstdcxx-debug --enable-libstdcxx-time=yes --with-default-libstdcxx-abi=new --enable-gnu-unique-object --disable-vtable-verify --enable-plugin --enable-default-pie --with-system-zlib --with-target-system-zlib=auto --enable-objc-gc=auto --enable-multiarch --disable-werror --with-arch-32=i686 --with-abi=m64 --with-multilib-list=m32,m64,mx32 --enable-multilib --with-tune=generic --enable-offload-targets=nvptx-none=/build/gcc-9-9QDOt0/gcc-9-9.4.0/debian/tmp-nvptx/usr,hsa --without-cuda-driver --enable-checking=release --build=x86_64-linux-gnu --host=x86_64-linux-gnu --target=x86_64-linux-gnu
Thread model: posix
gcc version 9.4.0 (Ubuntu 9.4.0-1ubuntu1~20.04.2) 
configure:9621: $? = 0
configure:9610: gcc -V >&5
gcc: error: unrecognized command line option '-V'
gcc: fatal error: no input files
compilation terminated.
configure:9621: $? = 1
configure:9610: gcc -qversion >&5
gcc: error: unrecognized command line option '-qversion'; did you mean '--version'?
gcc: fatal error: no input files
compilation terminated.
configure:9621: $? = 1
configure:9625: checking whether we are using the GNU C compiler
configure:9653: result: yes
configure:9662: checking whether gcc accepts -g
configure:9682: x86_64-w64-mingw32-gcc -c -pipe -O2  -I/home/blackluv/lebrowski/depends/x86_64-w64-mingw32/share/../include/  conftest.c >&5
configure:9682: $? = 0
configure:9723: result: yes
configure:9740: checking for gcc option to accept ISO C89
configure:9816: result: none needed
configure:9841: checking whether gcc understands -c and -o together
configure:9878: result: yes
configure:9897: checking dependency style of gcc
configure:10008: result: gcc3
configure:10028: checking how to run the C preprocessor
configure:10059: x86_64-w64-mingw32-gcc -E -I/home/blackluv/lebrowski/depends/x86_64-w64-mingw32/share/../include/  conftest.c
configure:10059: $? = 0
configure:10073: x86_64-w64-mingw32-gcc -E -I/home/blackluv/lebrowski/depends/x86_64-w64-mingw32/share/../include/  conftest.c
conftest.c:22:10: fatal error: ac_nonexistent.h: No such file or directory
   22 | #include <ac_nonexistent.h>
      |          ^~~~~~~~~~~~~~~~~~
compilation terminated.
configure:10073: $? = 1
configure: failed program was:
| /* confdefs.h */
| #define PACKAGE_NAME "libsecp256k1"
| #define PACKAGE_TARNAME "libsecp256k1"
| #define PACKAGE_VERSION "0.1"
| #define PACKAGE_STRING "libsecp256k1 0.1"
| #define PACKAGE_BUGREPORT ""
| #define PACKAGE_URL ""
| #define PACKAGE "libsecp256k1"
| #define VERSION "0.1"
| #define STDC_HEADERS 1
| #define HAVE_SYS_TYPES_H 1
| #define HAVE_SYS_STAT_H 1
| #define HAVE_STDLIB_H 1
| #define HAVE_STRING_H 1
| #define HAVE_MEMORY_H 1
| #define HAVE_STRINGS_H 1
| #define HAVE_INTTYPES_H 1
| #define HAVE_STDINT_H 1
| #define HAVE_UNISTD_H 1
| #define LT_OBJDIR ".libs/"
| /* end confdefs.h.  */
| #include <ac_nonexistent.h>
configure:10098: result: gcc -E
configure:10118: x86_64-w64-mingw32-gcc -E -I/home/blackluv/lebrowski/depends/x86_64-w64-mingw32/share/../include/  conftest.c
configure:10118: $? = 0
configure:10132: x86_64-w64-mingw32-gcc -E -I/home/blackluv/lebrowski/depends/x86_64-w64-mingw32/share/../include/  conftest.c
conftest.c:22:10: fatal error: ac_nonexistent.h: No such file or directory
   22 | #include <ac_nonexistent.h>
      |          ^~~~~~~~~~~~~~~~~~
compilation terminated.
configure:10132: $? = 1
configure: failed program was:
| /* confdefs.h */
| #define PACKAGE_NAME "libsecp256k1"
| #define PACKAGE_TARNAME "libsecp256k1"
| #define PACKAGE_VERSION "0.1"
| #define PACKAGE_STRING "libsecp256k1 0.1"
| #define PACKAGE_BUGREPORT ""
| #define PACKAGE_URL ""
| #define PACKAGE "libsecp256k1"
| #define VERSION "0.1"
| #define STDC_HEADERS 1
| #define HAVE_SYS_TYPES_H 1
| #define HAVE_SYS_STAT_H 1
| #define HAVE_STDLIB_H 1
| #define HAVE_STRING_H 1
| #define HAVE_MEMORY_H 1
| #define HAVE_STRINGS_H 1
| #define HAVE_INTTYPES_H 1
| #define HAVE_STDINT_H 1
| #define HAVE_UNISTD_H 1
| #define LT_OBJDIR ".libs/"
| /* end confdefs.h.  */
| #include <ac_nonexistent.h>
configure:10176: checking for x86_64-w64-mingw32-gcc option to accept ISO C89
configure:10252: result: none needed
configure:10279: checking dependency style of x86_64-w64-mingw32-gcc
configure:10388: result: gcc3
configure:10514: checking if x86_64-w64-mingw32-gcc supports -std=c89 -pedantic -Wall -Wextra -Wcast-align -Wnested-externs -Wshadow -Wstrict-prototypes -Wno-unused-function -Wno-long-long -Wno-overlength-strings
configure:10520: x86_64-w64-mingw32-gcc -c -pipe -O2  -W -std=c89 -pedantic -Wall -Wextra -Wcast-align -Wnested-externs -Wshadow -Wstrict-prototypes -Wno-unused-function -Wno-long-long -Wno-overlength-strings -I/home/blackluv/lebrowski/depends/x86_64-w64-mingw32/share/../include/  conftest.c >&5
configure:10520: $? = 0
configure:10521: result: yes
configure:10533: checking if x86_64-w64-mingw32-gcc supports -fvisibility=hidden
configure:10539: x86_64-w64-mingw32-gcc -c -pipe -O2  -W -std=c89 -pedantic -Wall -Wextra -Wcast-align -Wnested-externs -Wshadow -Wstrict-prototypes -Wno-unused-function -Wno-long-long -Wno-overlength-strings -fvisibility=hidden -I/home/blackluv/lebrowski/depends/x86_64-w64-mingw32/share/../include/  conftest.c >&5
configure:10539: $? = 0
configure:10540: result: yes
configure:10666: checking for __int128
configure:10666: x86_64-w64-mingw32-gcc -c -pipe -O2  -W -std=c89 -pedantic -Wall -Wextra -Wcast-align -Wnested-externs -Wshadow -Wstrict-prototypes -Wno-unused-function -Wno-long-long -Wno-overlength-strings -fvisibility=hidden -I/home/blackluv/lebrowski/depends/x86_64-w64-mingw32/share/../include/  conftest.c >&5
conftest.c:56:1: warning: function declaration isn't a prototype [-Wstrict-prototypes]
   56 | main ()
      | ^~~~
conftest.c: In function 'main':
conftest.c:58:13: warning: ISO C does not support '__int128' types [-Wpedantic]
   58 | if (sizeof (__int128))
      |             ^~~~~~~~
configure:10666: $? = 0
configure:10666: x86_64-w64-mingw32-gcc -c -pipe -O2  -W -std=c89 -pedantic -Wall -Wextra -Wcast-align -Wnested-externs -Wshadow -Wstrict-prototypes -Wno-unused-function -Wno-long-long -Wno-overlength-strings -fvisibility=hidden -I/home/blackluv/lebrowski/depends/x86_64-w64-mingw32/share/../include/  conftest.c >&5
conftest.c:56:1: warning: function declaration isn't a prototype [-Wstrict-prototypes]
   56 | main ()
      | ^~~~
conftest.c: In function 'main':
conftest.c:58:14: warning: ISO C does not support '__int128' types [-Wpedantic]
   58 | if (sizeof ((__int128)))
      |              ^~~~~~~~
conftest.c:58:23: error: expected expression before ')' token
   58 | if (sizeof ((__int128)))
      |                       ^
configure:10666: $? = 1
configure: failed program was:
| /* confdefs.h */
| #define PACKAGE_NAME "libsecp256k1"
| #define PACKAGE_TARNAME "libsecp256k1"
| #define PACKAGE_VERSION "0.1"
| #define PACKAGE_STRING "libsecp256k1 0.1"
| #define PACKAGE_BUGREPORT ""
| #define PACKAGE_URL ""
| #define PACKAGE "libsecp256k1"
| #define VERSION "0.1"
| #define STDC_HEADERS 1
| #define HAVE_SYS_TYPES_H 1
| #define HAVE_SYS_STAT_H 1
| #define HAVE_STDLIB_H 1
| #define HAVE_STRING_H 1
| #define HAVE_MEMORY_H 1
| #define HAVE_STRINGS_H 1
| #define HAVE_INTTYPES_H 1
| #define HAVE_STDINT_H 1
| #define HAVE_UNISTD_H 1
| #define LT_OBJDIR ".libs/"
| /* end confdefs.h.  */
| #include <stdio.h>
| #ifdef HAVE_SYS_TYPES_H
| # include <sys/types.h>
| #endif
| #ifdef HAVE_SYS_STAT_H
| # include <sys/stat.h>
| #endif
| #ifdef STDC_HEADERS
| # include <stdlib.h>
| # include <stddef.h>
| #else
| # ifdef HAVE_STDLIB_H
| #  include <stdlib.h>
| # endif
| #endif
| #ifdef HAVE_STRING_H
| # if !defined STDC_HEADERS && defined HAVE_MEMORY_H
| #  include <memory.h>
| # endif
| # include <string.h>
| #endif
| #ifdef HAVE_STRINGS_H
| # include <strings.h>
| #endif
| #ifdef HAVE_INTTYPES_H
| # include <inttypes.h>
| #endif
| #ifdef HAVE_STDINT_H
| # include <stdint.h>
| #endif
| #ifdef HAVE_UNISTD_H
| # include <unistd.h>
| #endif
| int
| main ()
| {
| if (sizeof ((__int128)))
| 	    return 0;
|   ;
|   return 0;
| }
configure:10666: result: yes
configure:10677: checking for __builtin_expect
configure:10683: x86_64-w64-mingw32-gcc -c -pipe -O2  -W -std=c89 -pedantic -Wall -Wextra -Wcast-align -Wnested-externs -Wshadow -Wstrict-prototypes -Wno-unused-function -Wno-long-long -Wno-overlength-strings -fvisibility=hidden -I/home/blackluv/lebrowski/depends/x86_64-w64-mingw32/share/../include/  conftest.c >&5
conftest.c:23:6: warning: function declaration isn't a prototype [-Wstrict-prototypes]
   23 | void myfunc() {__builtin_expect(0,0);}
      |      ^~~~~~
conftest.c: In function 'myfunc':
conftest.c:23:16: warning: statement with no effect [-Wunused-value]
   23 | void myfunc() {__builtin_expect(0,0);}
      |                ^~~~~~~~~~~~~~~~
configure:10683: $? = 0
configure:10684: result: yes
configure:10700: checking native compiler: gcc
configure:10715: gcc -o conftest.exe -pipe -O2  -W -std=c89 -pedantic -Wall -Wextra -Wcast-align -Wnested-externs -Wshadow -Wstrict-prototypes -Wno-unused-function -Wno-long-long -Wno-overlength-strings -fvisibility=hidden -I/home/blackluv/lebrowski/depends/x86_64-w64-mingw32/share/../include/  -L/home/blackluv/lebrowski/depends/x86_64-w64-mingw32/share/../lib  conftest.c  >&5
conftest.c:26:1: warning: function declaration isn't a prototype [-Wstrict-prototypes]
   26 | main ()
      | ^~~~
configure:10715: $? = 0
configure:10715: ./conftest.exe
configure:10715: $? = 0
configure:10736: result: ok
configure:10746: checking for x86_64 assembly availability
configure:10763: x86_64-w64-mingw32-gcc -c -pipe -O2  -W -std=c89 -pedantic -Wall -Wextra -Wcast-align -Wnested-externs -Wshadow -Wstrict-prototypes -Wno-unused-function -Wno-long-long -Wno-overlength-strings -fvisibility=hidden -I/home/blackluv/lebrowski/depends/x86_64-w64-mingw32/share/../include/  conftest.c >&5
conftest.c:27:1: warning: function declaration isn't a prototype [-Wstrict-prototypes]
   27 | main ()
      | ^~~~
conftest.c: In function 'main':
conftest.c:31:3: warning: 'tmp' is used uninitialized in this function [-Wuninitialized]
   31 |   __asm__ __volatile__("movq $0x100000000,%1; mulq %%rsi" : "+a"(a) : "S"(tmp) : "cc", "%rdx");
      |   ^~~~~~~
configure:10763: $? = 0
configure:10769: result: yes
configure:11117: checking for CRYPTO
configure:11124: $PKG_CONFIG --exists --print-errors "libcrypto"
configure:11127: $? = 0
configure:11141: $PKG_CONFIG --exists --print-errors "libcrypto"
configure:11144: $? = 0
configure:11182: result: yes
configure:11189: checking for main in -lcrypto
configure:11208: x86_64-w64-mingw32-gcc -o conftest.exe -pipe -O2  -W -std=c89 -pedantic -Wall -Wextra -Wcast-align -Wnested-externs -Wshadow -Wstrict-prototypes -Wno-unused-function -Wno-long-long -Wno-overlength-strings -fvisibility=hidden -I/home/blackluv/lebrowski/depends/x86_64-w64-mingw32/share/../include/  -L/home/blackluv/lebrowski/depends/x86_64-w64-mingw32/share/../lib  conftest.c -lcrypto   -L/home/blackluv/lebrowski/depends/x86_64-w64-mingw32/lib -lcrypto -lws2_32 -lgdi32 -lcrypt32 >&5
conftest.c:33:1: warning: function declaration isn't a prototype [-Wstrict-prototypes]
   33 | main ()
      | ^~~~
configure:11208: $? = 0
configure:11217: result: yes
configure:11281: checking for EC functions in libcrypto
configure:11306: x86_64-w64-mingw32-gcc -c -pipe -O2  -W -std=c89 -pedantic -Wall -Wextra -Wcast-align -Wnested-externs -Wshadow -Wstrict-prototypes -Wno-unused-function -Wno-long-long -Wno-overlength-strings -fvisibility=hidden -I/home/blackluv/lebrowski/depends/x86_64-w64-mingw32/share/../include/  conftest.c >&5
conftest.c:36:1: warning: function declaration isn't a prototype [-Wstrict-prototypes]
   36 | main ()
      | ^~~~
conftest.c: In function 'main':
conftest.c:43:5: warning: ISO C90 forbids mixed declarations and code [-Wdeclaration-after-statement]
   43 |     ECDSA_SIG *sig_openssl;
      |     ^~~~~~~~~
configure:11306: $? = 0
configure:11312: result: yes
configure:11354: checking for javac
configure:11385: result: no
configure:11394: WARNING: cannot find JDK; try setting $JAVAC or $JAVA_HOME
configure:11422: _JTOPDIR=no
configure:11423: _JINC=no/include
configure:11429: checking jni headers
configure:11449: result: none
configure:11488: WARNING: jni headers/dependencies not found. jni support disabled
configure:11528: checking whether byte ordering is bigendian
configure:11543: x86_64-w64-mingw32-gcc -c -pipe -O2  -W -std=c89 -pedantic -Wall -Wextra -Wcast-align -Wnested-externs -Wshadow -Wstrict-prototypes -Wno-unused-function -Wno-long-long -Wno-overlength-strings -fvisibility=hidden -I/home/blackluv/lebrowski/depends/x86_64-w64-mingw32/share/../include/  conftest.c >&5
conftest.c:35:9: error: unknown type name 'not'
   35 |         not a universal capable compiler
      |         ^~~
conftest.c:35:15: error: expected '=', ',', ';', 'asm' or '__attribute__' before 'universal'
   35 |         not a universal capable compiler
      |               ^~~~~~~~~
conftest.c:35:15: error: unknown type name 'universal'
configure:11543: $? = 1
configure: failed program was:
| /* confdefs.h */
| #define PACKAGE_NAME "libsecp256k1"
| #define PACKAGE_TARNAME "libsecp256k1"
| #define PACKAGE_VERSION "0.1"
| #define PACKAGE_STRING "libsecp256k1 0.1"
| #define PACKAGE_BUGREPORT ""
| #define PACKAGE_URL ""
| #define PACKAGE "libsecp256k1"
| #define VERSION "0.1"
| #define STDC_HEADERS 1
| #define HAVE_SYS_TYPES_H 1
| #define HAVE_SYS_STAT_H 1
| #define HAVE_STDLIB_H 1
| #define HAVE_STRING_H 1
| #define HAVE_MEMORY_H 1
| #define HAVE_STRINGS_H 1
| #define HAVE_INTTYPES_H 1
| #define HAVE_STDINT_H 1
| #define HAVE_UNISTD_H 1
| #define LT_OBJDIR ".libs/"
| #define HAVE___INT128 1
| #define HAVE_BUILTIN_EXPECT 1
| #define USE_ASM_X86_64 1
| #define USE_FIELD_5X52 1
| #define USE_NUM_NONE 1
| #define USE_FIELD_INV_BUILTIN 1
| #define USE_SCALAR_INV_BUILTIN 1
| #define USE_SCALAR_4X64 1
| #define HAVE_LIBCRYPTO 1
| #define ENABLE_OPENSSL_TESTS 1
| #define USE_ECMULT_STATIC_PRECOMPUTATION 1
| #define ENABLE_MODULE_RECOVERY 1
| /* end confdefs.h.  */
| #ifndef __APPLE_CC__
| 	       not a universal capable compiler
| 	     #endif
| 	     typedef int dummy;
| 
configure:11588: x86_64-w64-mingw32-gcc -c -pipe -O2  -W -std=c89 -pedantic -Wall -Wextra -Wcast-align -Wnested-externs -Wshadow -Wstrict-prototypes -Wno-unused-function -Wno-long-long -Wno-overlength-strings -fvisibility=hidden -I/home/blackluv/lebrowski/depends/x86_64-w64-mingw32/share/../include/  conftest.c >&5
conftest.c:38:1: warning: function declaration isn't a prototype [-Wstrict-prototypes]
   38 | main ()
      | ^~~~
configure:11588: $? = 0
configure:11606: x86_64-w64-mingw32-gcc -c -pipe -O2  -W -std=c89 -pedantic -Wall -Wextra -Wcast-align -Wnested-externs -Wshadow -Wstrict-prototypes -Wno-unused-function -Wno-long-long -Wno-overlength-strings -fvisibility=hidden -I/home/blackluv/lebrowski/depends/x86_64-w64-mingw32/share/../include/  conftest.c >&5
conftest.c:38:1: warning: function declaration isn't a prototype [-Wstrict-prototypes]
   38 | main ()
      | ^~~~
conftest.c: In function 'main':
conftest.c:41:4: error: unknown type name 'not'; did you mean 'ino_t'?
   41 |    not big endian
      |    ^~~
      |    ino_t
conftest.c:41:12: error: expected '=', ',', ';', 'asm' or '__attribute__' before 'endian'
   41 |    not big endian
      |            ^~~~~~
configure:11606: $? = 1
configure: failed program was:
| /* confdefs.h */
| #define PACKAGE_NAME "libsecp256k1"
| #define PACKAGE_TARNAME "libsecp256k1"
| #define PACKAGE_VERSION "0.1"
| #define PACKAGE_STRING "libsecp256k1 0.1"
| #define PACKAGE_BUGREPORT ""
| #define PACKAGE_URL ""
| #define PACKAGE "libsecp256k1"
| #define VERSION "0.1"
| #define STDC_HEADERS 1
| #define HAVE_SYS_TYPES_H 1
| #define HAVE_SYS_STAT_H 1
| #define HAVE_STDLIB_H 1
| #define HAVE_STRING_H 1
| #define HAVE_MEMORY_H 1
| #define HAVE_STRINGS_H 1
| #define HAVE_INTTYPES_H 1
| #define HAVE_STDINT_H 1
| #define HAVE_UNISTD_H 1
| #define LT_OBJDIR ".libs/"
| #define HAVE___INT128 1
| #define HAVE_BUILTIN_EXPECT 1
| #define USE_ASM_X86_64 1
| #define USE_FIELD_5X52 1
| #define USE_NUM_NONE 1
| #define USE_FIELD_INV_BUILTIN 1
| #define USE_SCALAR_INV_BUILTIN 1
| #define USE_SCALAR_4X64 1
| #define HAVE_LIBCRYPTO 1
| #define ENABLE_OPENSSL_TESTS 1
| #define USE_ECMULT_STATIC_PRECOMPUTATION 1
| #define ENABLE_MODULE_RECOVERY 1
| /* end confdefs.h.  */
| #include <sys/types.h>
| 		#include <sys/param.h>
| 
| int
| main ()
| {
| #if BYTE_ORDER != BIG_ENDIAN
| 		 not big endian
| 		#endif
| 
|   ;
|   return 0;
| }
configure:11734: result: no
configure:11759: Using static precomputation: yes
configure:11761: Using assembly optimizations: x86_64
configure:11763: Using field implementation: 64bit
configure:11765: Using bignum implementation: no
configure:11767: Using scalar implementation: 64bit
configure:11769: Using endomorphism optimizations: no
configure:11771: Building ECDH module: no
configure:11773: Building ECDSA pubkey recovery module: yes
configure:11775: Using jni: no
configure:11985: checking that generated files are newer than configure
configure:11991: result: done
configure:12059: creating ./config.status

## ---------------------- ##
## Running config.status. ##
## ---------------------- ##

This file was extended by libsecp256k1 config.status 0.1, which was
generated by GNU Autoconf 2.69.  Invocation command line was

  CONFIG_FILES    = 
  CONFIG_HEADERS  = 
  CONFIG_LINKS    = 
  CONFIG_COMMANDS = 
  $ ./config.status 

on DESKTOP-8P2PPIG

config.status:1150: creating Makefile
config.status:1150: creating libsecp256k1.pc
config.status:1150: creating src/libsecp256k1-config.h
config.status:1379: executing depfiles commands
config.status:1456: cd .       && sed -e '/# am--include-marker/d' Makefile         | make -f - am--depfiles
config.status:1461: $? = 0
config.status:1379: executing libtool commands

## ---------------- ##
## Cache variables. ##
## ---------------- ##

ac_cv_build=x86_64-pc-linux-gnu
ac_cv_build_prog_CPP='gcc -E'
ac_cv_build_prog_cc_g=yes
ac_cv_c_bigendian=no
ac_cv_c_compiler_gnu=yes
ac_cv_env_CCASFLAGS_set=
ac_cv_env_CCASFLAGS_value=
ac_cv_env_CCAS_set=
ac_cv_env_CCAS_value=
ac_cv_env_CC_set=
ac_cv_env_CC_value=
ac_cv_env_CFLAGS_set=
ac_cv_env_CFLAGS_value=
ac_cv_env_CPPFLAGS_set=
ac_cv_env_CPPFLAGS_value=
ac_cv_env_CPP_set=
ac_cv_env_CPP_value=
ac_cv_env_CRYPTO_CFLAGS_set=
ac_cv_env_CRYPTO_CFLAGS_value=
ac_cv_env_CRYPTO_LIBS_set=
ac_cv_env_CRYPTO_LIBS_value=
ac_cv_env_LDFLAGS_set=
ac_cv_env_LDFLAGS_value=
ac_cv_env_LIBS_set=
ac_cv_env_LIBS_value=
ac_cv_env_LT_SYS_LIBRARY_PATH_set=
ac_cv_env_LT_SYS_LIBRARY_PATH_value=
ac_cv_env_PKG_CONFIG_LIBDIR_set=
ac_cv_env_PKG_CONFIG_LIBDIR_value=
ac_cv_env_PKG_CONFIG_PATH_set=
ac_cv_env_PKG_CONFIG_PATH_value=
ac_cv_env_PKG_CONFIG_set=
ac_cv_env_PKG_CONFIG_value=
ac_cv_env_build_alias_set=
ac_cv_env_build_alias_value=
ac_cv_env_host_alias_set=
ac_cv_env_host_alias_value=
ac_cv_env_target_alias_set=
ac_cv_env_target_alias_value=
ac_cv_exeext=.exe
ac_cv_header_dlfcn_h=no
ac_cv_header_inttypes_h=yes
ac_cv_header_memory_h=yes
ac_cv_header_stdc=yes
ac_cv_header_stdint_h=yes
ac_cv_header_stdlib_h=yes
ac_cv_header_string_h=yes
ac_cv_header_strings_h=yes
ac_cv_header_sys_stat_h=yes
ac_cv_header_sys_types_h=yes
ac_cv_header_unistd_h=yes
ac_cv_host=x86_64-w64-mingw32
ac_cv_jni_header_path=none
ac_cv_lib_crypto_main=yes
ac_cv_objext=o
ac_cv_path_AR=/usr/bin/x86_64-w64-mingw32-ar
ac_cv_path_EGREP='/usr/bin/grep -E'
ac_cv_path_FGREP='/usr/bin/grep -F'
ac_cv_path_GREP=/usr/bin/grep
ac_cv_path_PKG_CONFIG='/usr/bin/pkg-config --static'
ac_cv_path_RANLIB=/usr/bin/x86_64-w64-mingw32-ranlib
ac_cv_path_SED=/usr/bin/sed
ac_cv_path_STRIP=/usr/bin/x86_64-w64-mingw32-strip
ac_cv_path__ACJNI_JAVAC=no
ac_cv_path_ac_pt_AR=x86_64-w64-mingw32-ar
ac_cv_path_ac_pt_NM=x86_64-w64-mingw32-nm
ac_cv_path_ac_pt_RANLIB=x86_64-w64-mingw32-ranlib
ac_cv_path_install='/usr/bin/install -c'
ac_cv_path_lt_DD=/usr/bin/dd
ac_cv_path_mkdir=/usr/bin/mkdir
ac_cv_prog_AR=x86_64-w64-mingw32-ar
ac_cv_prog_AWK=gawk
ac_cv_prog_CC=x86_64-w64-mingw32-gcc
ac_cv_prog_CPP='x86_64-w64-mingw32-gcc -E'
ac_cv_prog_DLLTOOL=x86_64-w64-mingw32-dlltool
ac_cv_prog_OBJDUMP=x86_64-w64-mingw32-objdump
ac_cv_prog_RANLIB=x86_64-w64-mingw32-ranlib
ac_cv_prog_STRIP=x86_64-w64-mingw32-strip
ac_cv_prog_ac_ct_CC_FOR_BUILD=gcc
ac_cv_prog_ac_ct_MANIFEST_TOOL=mt
ac_cv_prog_cc_c89=
ac_cv_prog_cc_g=yes
ac_cv_prog_make_make_set=yes
ac_cv_type___int128=yes
am_cv_CCAS_dependencies_compiler_type=gcc3
am_cv_CC_dependencies_compiler_type=gcc3
am_cv_make_support_nested_variables=yes
am_cv_prog_cc_c_o=yes
lt_cv_ar_at_file=@
lt_cv_deplibs_check_method='file_magic ^x86 archive import|^x86 DLL'
lt_cv_file_magic_cmd=func_win32_libid
lt_cv_file_magic_test_file=
lt_cv_ld_reload_flag=-r
lt_cv_nm_interface='BSD nm'
lt_cv_objdir=.libs
lt_cv_path_LD=/usr/bin/x86_64-w64-mingw32-ld
lt_cv_path_NM=x86_64-w64-mingw32-nm
lt_cv_path_mainfest_tool=no
lt_cv_prog_compiler_c_o=yes
lt_cv_prog_compiler_pic='-DDLL_EXPORT -DPIC'
lt_cv_prog_compiler_pic_works=yes
lt_cv_prog_compiler_rtti_exceptions=no
lt_cv_prog_compiler_static_works=yes
lt_cv_prog_gnu_ld=yes
lt_cv_sharedlib_from_linklib_cmd=func_cygming_dll_for_implib
lt_cv_sys_global_symbol_pipe='sed -n -e '\''s/^.*[	 ]\([ABCDGIRSTW][ABCDGIRSTW]*\)[	 ][	 ]*\([_A-Za-z][_A-Za-z0-9]*\)$/\1 \2 \2/p'\'' | sed '\''/ __gnu_lto/d'\'''
lt_cv_sys_global_symbol_to_c_name_address='sed -n -e '\''s/^: \(.*\) .*$/  {"\1", (void *) 0},/p'\'' -e '\''s/^[ABCDGIRSTW][ABCDGIRSTW]* .* \(.*\)$/  {"\1", (void *) \&\1},/p'\'''
lt_cv_sys_global_symbol_to_c_name_address_lib_prefix='sed -n -e '\''s/^: \(.*\) .*$/  {"\1", (void *) 0},/p'\'' -e '\''s/^[ABCDGIRSTW][ABCDGIRSTW]* .* \(lib.*\)$/  {"\1", (void *) \&\1},/p'\'' -e '\''s/^[ABCDGIRSTW][ABCDGIRSTW]* .* \(.*\)$/  {"lib\1", (void *) \&\1},/p'\'''
lt_cv_sys_global_symbol_to_cdecl='sed -n -e '\''s/^T .* \(.*\)$/extern int \1();/p'\'' -e '\''s/^[ABCDGIRSTW][ABCDGIRSTW]* .* \(.*\)$/extern char \1;/p'\'''
lt_cv_sys_global_symbol_to_import=
lt_cv_sys_max_cmd_len=1572864
lt_cv_to_host_file_cmd=func_convert_file_nix_to_w32
lt_cv_to_tool_file_cmd=func_convert_file_noop
lt_cv_truncate_bin='/usr/bin/dd bs=4096 count=1'
pkg_cv_CRYPTO_CFLAGS=-I/home/blackluv/lebrowski/depends/x86_64-w64-mingw32/include
pkg_cv_CRYPTO_LIBS='-L/home/blackluv/lebrowski/depends/x86_64-w64-mingw32/lib -lcrypto -lws2_32 -lgdi32 -lcrypt32'

## ----------------- ##
## Output variables. ##
## ----------------- ##

ACLOCAL='${SHELL} /home/blackluv/lebrowski/src/secp256k1/build-aux/missing aclocal-1.16'
AMDEPBACKSLASH='\'
AMDEP_FALSE='#'
AMDEP_TRUE=''
AMTAR='$${TAR-tar}'
AM_BACKSLASH='\'
AM_DEFAULT_V='$(AM_DEFAULT_VERBOSITY)'
AM_DEFAULT_VERBOSITY='0'
AM_V='$(V)'
AR='/usr/bin/x86_64-w64-mingw32-ar'
AUTOCONF='${SHELL} /home/blackluv/lebrowski/src/secp256k1/build-aux/missing autoconf'
AUTOHEADER='${SHELL} /home/blackluv/lebrowski/src/secp256k1/build-aux/missing autoheader'
AUTOMAKE='${SHELL} /home/blackluv/lebrowski/src/secp256k1/build-aux/missing automake-1.16'
AWK='gawk'
BREW=''
BUILD_EXEEXT=''
BUILD_OBJEXT=''
CC='x86_64-w64-mingw32-gcc'
CCAS='x86_64-w64-mingw32-gcc'
CCASDEPMODE='depmode=gcc3'
CCASFLAGS='-pipe -O2 '
CCDEPMODE='depmode=gcc3'
CC_FOR_BUILD='gcc'
CFLAGS='-pipe -O2  -W -std=c89 -pedantic -Wall -Wextra -Wcast-align -Wnested-externs -Wshadow -Wstrict-prototypes -Wno-unused-function -Wno-long-long -Wno-overlength-strings -fvisibility=hidden'
CFLAGS_FOR_BUILD='-g -O2'
CPP='x86_64-w64-mingw32-gcc -E'
CPPFLAGS='-I/home/blackluv/lebrowski/depends/x86_64-w64-mingw32/share/../include/ '
CPPFLAGS_FOR_BUILD=''
CPP_FOR_BUILD='gcc -E'
CRYPTO_CFLAGS='-I/home/blackluv/lebrowski/depends/x86_64-w64-mingw32/include'
CRYPTO_LIBS='-L/home/blackluv/lebrowski/depends/x86_64-w64-mingw32/lib -lcrypto -lws2_32 -lgdi32 -lcrypt32'
CYGPATH_W='echo'
DEFS='-DHAVE_CONFIG_H'
DEPDIR='.deps'
DLLTOOL='x86_64-w64-mingw32-dlltool'
DSYMUTIL=''
DUMPBIN=''
ECHO_C=''
ECHO_N='-n'
ECHO_T=''
EGREP='/usr/bin/grep -E'
ENABLE_MODULE_ECDH_FALSE=''
ENABLE_MODULE_ECDH_TRUE='#'
ENABLE_MODULE_RECOVERY_FALSE='#'
ENABLE_MODULE_RECOVERY_TRUE=''
EXEEXT='.exe'
FGREP='/usr/bin/grep -F'
GREP='/usr/bin/grep'
INSTALL_DATA='${INSTALL} -m 644'
INSTALL_PROGRAM='${INSTALL}'
INSTALL_SCRIPT='${INSTALL}'
INSTALL_STRIP_PROGRAM='$(install_sh) -c -s'
JNI_INCLUDES=''
LD='/usr/bin/x86_64-w64-mingw32-ld'
LDFLAGS='-L/home/blackluv/lebrowski/depends/x86_64-w64-mingw32/share/../lib '
LDFLAGS_FOR_BUILD=''
LIBOBJS=''
LIBS=''
LIBTOOL='$(SHELL) $(top_builddir)/libtool'
LIPO=''
LN_S='ln -s'
LTLIBOBJS=''
LT_SYS_LIBRARY_PATH=''
MAKEINFO='${SHELL} /home/blackluv/lebrowski/src/secp256k1/build-aux/missing makeinfo'
MANIFEST_TOOL=':'
MKDIR_P='/usr/bin/mkdir -p'
NM='x86_64-w64-mingw32-nm'
NMEDIT=''
OBJDUMP='x86_64-w64-mingw32-objdump'
OBJEXT='o'
OTOOL64=''
OTOOL=''
PACKAGE='libsecp256k1'
PACKAGE_BUGREPORT=''
PACKAGE_NAME='libsecp256k1'
PACKAGE_STRING='libsecp256k1 0.1'
PACKAGE_TARNAME='libsecp256k1'
PACKAGE_URL=''
PACKAGE_VERSION='0.1'
PATH_SEPARATOR=':'
PKG_CONFIG='/usr/bin/pkg-config --static'
PKG_CONFIG_LIBDIR='/home/blackluv/lebrowski/depends/x86_64-w64-mingw32/share/../lib/pkgconfig'
PKG_CONFIG_PATH='/home/blackluv/lebrowski/depends/x86_64-w64-mingw32/share/../share/pkgconfig'
PORT=''
RANLIB='/usr/bin/x86_64-w64-mingw32-ranlib'
SECP_INCLUDES=''
SECP_LIBS=''
SECP_TEST_INCLUDES=' -I/home/blackluv/lebrowski/depends/x86_64-w64-mingw32/include'
SECP_TEST_LIBS='-L/home/blackluv/lebrowski/depends/x86_64-w64-mingw32/lib -lcrypto -lws2_32 -lgdi32 -lcrypt32 -lgdi32'
SED='/usr/bin/sed'
SET_MAKE=''
SHELL='/bin/bash'
STRIP='/usr/bin/x86_64-w64-mingw32-strip'
USE_ASM_ARM_FALSE=''
USE_ASM_ARM_TRUE='#'
USE_BENCHMARK_FALSE=''
USE_BENCHMARK_TRUE='#'
USE_ECMULT_STATIC_PRECOMPUTATION_FALSE='#'
USE_ECMULT_STATIC_PRECOMPUTATION_TRUE=''
USE_EXHAUSTIVE_TESTS_FALSE='#'
USE_EXHAUSTIVE_TESTS_TRUE=''
USE_EXTERNAL_ASM_FALSE=''
USE_EXTERNAL_ASM_TRUE='#'
USE_JNI_FALSE=''
USE_JNI_TRUE='#'
USE_TESTS_FALSE='#'
USE_TESTS_TRUE=''
VERSION='0.1'
_ACJNI_JAVAC='no'
ac_ct_AR=''
ac_ct_CC=''
ac_ct_CC_FOR_BUILD='gcc'
ac_ct_DUMPBIN=''
am__EXEEXT_FALSE='#'
am__EXEEXT_TRUE=''
am__fastdepCCAS_FALSE='#'
am__fastdepCCAS_TRUE=''
am__fastdepCC_FALSE='#'
am__fastdepCC_TRUE=''
am__include='include'
am__isrc=''
am__leading_dot='.'
am__nodep='_no'
am__quote=''
am__tar='$${TAR-tar} chof - "$$tardir"'
am__untar='$${TAR-tar} xf -'
bindir='${exec_prefix}/bin'
build='x86_64-pc-linux-gnu'
build_alias=''
build_cpu='x86_64'
build_os='linux-gnu'
build_vendor='pc'
datadir='${datarootdir}'
datarootdir='${prefix}/share'
docdir='${datarootdir}/doc/${PACKAGE_TARNAME}'
dvidir='${docdir}'
exec_prefix='${prefix}'
host='x86_64-w64-mingw32'
host_alias='x86_64-w64-mingw32'
host_cpu='x86_64'
host_os='mingw32'
host_vendor='w64'
htmldir='${docdir}'
includedir='${prefix}/include'
infodir='${datarootdir}/info'
install_sh='${SHELL} /home/blackluv/lebrowski/src/secp256k1/build-aux/install-sh'
libdir='${exec_prefix}/lib'
libexecdir='${exec_prefix}/libexec'
localedir='${datarootdir}/locale'
localstatedir='${prefix}/var'
mandir='${datarootdir}/man'
mkdir_p='$(MKDIR_P)'
oldincludedir='/usr/include'
pdfdir='${docdir}'
prefix='/'
program_transform_name='s,x,x,'
psdir='${docdir}'
runstatedir='${localstatedir}/run'
sbindir='${exec_prefix}/sbin'
sharedstatedir='${prefix}/com'
sysconfdir='${prefix}/etc'
target_alias=''

## ----------- ##
## confdefs.h. ##
## ----------- ##

/* confdefs.h */
#define PACKAGE_NAME "libsecp256k1"
#define PACKAGE_TARNAME "libsecp256k1"
#define PACKAGE_VERSION "0.1"
#define PACKAGE_STRING "libsecp256k1 0.1"
#define PACKAGE_BUGREPORT ""
#define PACKAGE_URL ""
#define PACKAGE "libsecp256k1"
#define VERSION "0.1"
#define STDC_HEADERS 1
#define HAVE_SYS_TYPES_H 1
#define HAVE_SYS_STAT_H 1
#define HAVE_STDLIB_H 1
#define HAVE_STRING_H 1
#define HAVE_MEMORY_H 1
#define HAVE_STRINGS_H 1
#define HAVE_INTTYPES_H 1
#define HAVE_STDINT_H 1
#define HAVE_UNISTD_H 1
#define LT_OBJDIR ".libs/"
#define HAVE___INT128 1
#define HAVE_BUILTIN_EXPECT 1
#define USE_ASM_X86_64 1
#define USE_FIELD_5X52 1
#define USE_NUM_NONE 1
#define USE_FIELD_INV_BUILTIN 1
#define USE_SCALAR_INV_BUILTIN 1
#define USE_SCALAR_4X64 1
#define HAVE_LIBCRYPTO 1
#define ENABLE_OPENSSL_TESTS 1
#define USE_ECMULT_STATIC_PRECOMPUTATION 1
#define ENABLE_MODULE_RECOVERY 1

configure: exit 0
